Wed 17 Jan 2018 16:41:22 INFO guoshui.py 230 5404 17932 customerid:9,开始尝试登陆
Wed 17 Jan 2018 16:41:22 INFO guoshui.py 240 5404 17932 未传代理参数，启用本机IP
Wed 17 Jan 2018 16:41:25 INFO guoshui.py 266 5404 17932 customerid:9，获取验证码为：[{"x":117,"y":93},{"x":218,"y":100},{"x":22,"y":45}]
Wed 17 Jan 2018 16:41:25 INFO guoshui.py 270 5404 17932 customerid:9，验证验证码[{"x":117,"y":93},{"x":218,"y":100},{"x":22,"y":45}]
Wed 17 Jan 2018 16:41:25 INFO guoshui.py 278 5404 17932 customerid:9,成功post数据
Wed 17 Jan 2018 16:41:25 INFO guoshui.py 285 5404 17932 customerid:9pass
Wed 17 Jan 2018 16:41:25 INFO guoshui.py 1363 5404 17932 customerid:9获取cookies
Wed 17 Jan 2018 16:41:54 INFO guoshui.py 616 5404 17932 customerid:9开始登录地税
Wed 17 Jan 2018 16:41:57 INFO guoshui.py 636 5404 17932 customerid:9截取地税申报信息
Wed 17 Jan 2018 16:43:13 INFO guoshui.py 672 5404 17932 customerid:9查询01月
Wed 17 Jan 2018 16:45:30 WARNING guoshui.py 632 5404 17932 Message: 
Screenshot: available via screen

Wed 17 Jan 2018 16:47:51 INFO guoshui.py 230 18620 14184 customerid:9,开始尝试登陆
Wed 17 Jan 2018 16:47:51 INFO guoshui.py 240 18620 14184 未传代理参数，启用本机IP
Wed 17 Jan 2018 16:47:53 INFO guoshui.py 266 18620 14184 customerid:9，获取验证码为：[{"x":267,"y":85},{"x":168,"y":32},{"x":119,"y":103}]
Wed 17 Jan 2018 16:47:53 INFO guoshui.py 270 18620 14184 customerid:9，验证验证码[{"x":267,"y":85},{"x":168,"y":32},{"x":119,"y":103}]
Wed 17 Jan 2018 16:47:53 INFO guoshui.py 278 18620 14184 customerid:9,成功post数据
Wed 17 Jan 2018 16:47:53 INFO guoshui.py 285 18620 14184 customerid:9pass
Wed 17 Jan 2018 16:47:53 INFO guoshui.py 1363 18620 14184 customerid:9获取cookies
Wed 17 Jan 2018 16:48:20 INFO guoshui.py 616 18620 14184 customerid:9开始登录地税
Wed 17 Jan 2018 16:48:22 INFO guoshui.py 636 18620 14184 customerid:9截取地税申报信息
Wed 17 Jan 2018 16:48:29 INFO guoshui.py 672 18620 14184 customerid:9查询01月
Wed 17 Jan 2018 16:49:16 INFO guoshui.py 879 18620 14184 ('10298', 2017, 0, 18282900, 9, '10014417000002043527', '《城建税、教育费附加、地方教育附加税（费）申报表》', '城市维护建设税', '0.00', '直接(上门)申报', '2017-01-10', '2016-10-01', '2016-12-31', '{"1": "files/151A61j7G8950.pdf", "0": "files/1R5M1617893s0.png", "pdf数据": {"增值税教育费附加": "0", "增值税地方教育附加": "0", "市区（增值税附征）": "0"}}')
Wed 17 Jan 2018 16:49:46 INFO guoshui.py 899 18620 14184 customerid:9截取地税申报信息已完成
Wed 17 Jan 2018 16:49:46 INFO guoshui.py 672 18620 14184 customerid:9查询02月
Wed 17 Jan 2018 16:49:54 INFO guoshui.py 733 18620 14184 ('10298', 2017, 0, 18282900, 9, '10014417000002043527', '《城建税、教育费附加、地方教育附加税（费）申报表》', None, '城市维护建设税', None, '0.00', None, None, '{"1": "files/151617A899m4.pdf", "0": "files/1516R17R8G989.png"}')
Wed 17 Jan 2018 16:49:54 WARNING guoshui.py 632 18620 14184 (8114, b'Error converting data type nvarchar to money.DB-Lib error message 20018, severity 16:\nGeneral SQL Server error: Check messages from the SQL Server\n')
Wed 17 Jan 2018 16:49:55 INFO guoshui.py 616 18620 14184 customerid:9开始登录地税
Wed 17 Jan 2018 16:56:17 INFO guoshui.py 230 14528 9224 customerid:9,开始尝试登陆
Wed 17 Jan 2018 16:56:17 INFO guoshui.py 240 14528 9224 未传代理参数，启用本机IP
Wed 17 Jan 2018 16:56:19 INFO guoshui.py 266 14528 9224 customerid:9，获取验证码为：None
Wed 17 Jan 2018 16:56:19 INFO guoshui.py 230 14528 9224 customerid:9,开始尝试登陆
Wed 17 Jan 2018 16:56:19 INFO guoshui.py 240 14528 9224 未传代理参数，启用本机IP
Wed 17 Jan 2018 16:56:21 INFO guoshui.py 266 14528 9224 customerid:9，获取验证码为：[{"x":18,"y":62},{"x":170,"y":32},{"x":73,"y":78}]
Wed 17 Jan 2018 16:56:21 INFO guoshui.py 270 14528 9224 customerid:9，验证验证码[{"x":18,"y":62},{"x":170,"y":32},{"x":73,"y":78}]
Wed 17 Jan 2018 16:56:22 INFO guoshui.py 278 14528 9224 customerid:9,成功post数据
Wed 17 Jan 2018 16:56:22 INFO guoshui.py 285 14528 9224 customerid:9pass
Wed 17 Jan 2018 16:56:22 INFO guoshui.py 1363 14528 9224 customerid:9获取cookies
Wed 17 Jan 2018 16:56:31 INFO guoshui.py 616 14528 9224 customerid:9开始登录地税
Wed 17 Jan 2018 16:56:31 INFO guoshui.py 636 14528 9224 customerid:9截取地税申报信息
Wed 17 Jan 2018 16:56:38 INFO guoshui.py 672 14528 9224 customerid:9查询01月
Wed 17 Jan 2018 16:56:51 INFO guoshui.py 879 14528 9224 ('10298', 2017, 0, 18282900, 9, '10014417000002043527', '《城建税、教育费附加、地方教育附加税（费）申报表》', '城市维护建设税', '0.00', '直接(上门)申报', '2017-01-10', '2016-10-01', '2016-12-31', '{"1": "files/15Um1617D9411.pdf", "0": "files/151z6179Lc407.png", "pdf数据": {"增值税地方教育附加": "0", "市区（增值税附征）": "0", "增值税教育费附加": "0"}}')
Wed 17 Jan 2018 16:56:52 INFO guoshui.py 899 14528 9224 customerid:9截取地税申报信息已完成
Wed 17 Jan 2018 16:56:52 INFO guoshui.py 672 14528 9224 customerid:9查询02月
Wed 17 Jan 2018 16:57:04 INFO guoshui.py 899 14528 9224 customerid:9截取地税申报信息已完成
Wed 17 Jan 2018 16:57:04 INFO guoshui.py 672 14528 9224 customerid:9查询03月
Wed 17 Jan 2018 16:57:15 WARNING guoshui.py 1439 14528 9224 Message: 
Screenshot: available via screen

Wed 17 Jan 2018 16:58:06 INFO guoshui.py 230 1248 11628 customerid:9,开始尝试登陆
Wed 17 Jan 2018 16:58:06 INFO guoshui.py 240 1248 11628 未传代理参数，启用本机IP
Wed 17 Jan 2018 16:58:08 INFO guoshui.py 266 1248 11628 customerid:9，获取验证码为：[{"x":272,"y":49},{"x":22,"y":29},{"x":120,"y":43}]
Wed 17 Jan 2018 16:58:08 INFO guoshui.py 270 1248 11628 customerid:9，验证验证码[{"x":272,"y":49},{"x":22,"y":29},{"x":120,"y":43}]
Wed 17 Jan 2018 16:58:08 INFO guoshui.py 278 1248 11628 customerid:9,成功post数据
Wed 17 Jan 2018 16:58:08 INFO guoshui.py 285 1248 11628 customerid:9pass
Wed 17 Jan 2018 16:58:08 INFO guoshui.py 1363 1248 11628 customerid:9获取cookies
Wed 17 Jan 2018 16:58:18 INFO guoshui.py 616 1248 11628 customerid:9开始登录地税
Wed 17 Jan 2018 16:58:18 INFO guoshui.py 636 1248 11628 customerid:9截取地税申报信息
Wed 17 Jan 2018 16:58:25 INFO guoshui.py 672 1248 11628 customerid:9查询01月
Wed 17 Jan 2018 16:58:39 INFO guoshui.py 879 1248 11628 ('10298', 2017, 0, 18282900, 9, '10014417000002043527', '《城建税、教育费附加、地方教育附加税（费）申报表》', '城市维护建设税', '0.00', '直接(上门)申报', '2017-01-10', '2016-10-01', '2016-12-31', '{"1": "files/151z61795q1m9.pdf", "0": "files/15U16179G5s15.png", "pdf数据": {"市区（增值税附征）": "0", "增值税地方教育附加": "0", "增值税教育费附加": "0"}}')
Wed 17 Jan 2018 16:58:39 INFO guoshui.py 899 1248 11628 customerid:9截取地税申报信息已完成
Wed 17 Jan 2018 16:58:39 INFO guoshui.py 672 1248 11628 customerid:9查询02月
Wed 17 Jan 2018 16:58:52 INFO guoshui.py 899 1248 11628 customerid:9截取地税申报信息已完成
Wed 17 Jan 2018 16:58:52 INFO guoshui.py 672 1248 11628 customerid:9查询03月
Wed 17 Jan 2018 16:59:02 INFO tasks_sz.py 38 1248 11628 something wrong during crawling
Wed 17 Jan 2018 16:59:02 WARNING tasks_sz.py 39 1248 11628 Message: 
Screenshot: available via screen

Wed 17 Jan 2018 17:23:59 INFO guoshui.py 230 5876 10220 customerid:9,开始尝试登陆
Wed 17 Jan 2018 17:23:59 INFO guoshui.py 240 5876 10220 未传代理参数，启用本机IP
Wed 17 Jan 2018 17:24:01 INFO guoshui.py 266 5876 10220 customerid:9，获取验证码为：[{"x":117,"y":89},{"x":268,"y":47},{"x":20,"y":58}]
Wed 17 Jan 2018 17:24:01 INFO guoshui.py 270 5876 10220 customerid:9，验证验证码[{"x":117,"y":89},{"x":268,"y":47},{"x":20,"y":58}]
Wed 17 Jan 2018 17:24:01 INFO guoshui.py 278 5876 10220 customerid:9,成功post数据
Wed 17 Jan 2018 17:24:01 INFO guoshui.py 285 5876 10220 customerid:9pass
Wed 17 Jan 2018 17:24:01 INFO guoshui.py 1384 5876 10220 customerid:9获取cookies
Wed 17 Jan 2018 17:24:10 INFO guoshui.py 616 5876 10220 customerid:9开始登录地税
Wed 17 Jan 2018 17:24:10 INFO guoshui.py 636 5876 10220 customerid:9截取地税申报信息
Wed 17 Jan 2018 17:24:12 INFO guoshui.py 645 5876 10220 customerid:9,地税全年数据
Wed 17 Jan 2018 17:24:22 INFO guoshui.py 684 5876 10220 customerid:9查询01月
Wed 17 Jan 2018 17:24:26 INFO guoshui.py 699 5876 10220 customerid:9查询01月个人所得税信息
Wed 17 Jan 2018 17:24:26 INFO guoshui.py 751 5876 10220 customerid:9查询01月个人所得税查询完毕
Wed 17 Jan 2018 17:24:29 INFO guoshui.py 769 5876 10220 customerid:9查询01月地税企业所得所得税查询
Wed 17 Jan 2018 17:24:29 INFO guoshui.py 822 5876 10220 customerid:9查询01月地税企业所得所得税查询完成
Wed 17 Jan 2018 17:24:32 INFO guoshui.py 840 5876 10220 customerid:9查询01月城市建设税查询完成
Wed 17 Jan 2018 17:24:36 INFO guoshui.py 896 5876 10220 ('10298', 2017, 0, 18282900, 9, '10014417000002043527', '《城建税、教育费附加、地方教育附加税（费）申报表》', '城市维护建设税', '0.00', '直接(上门)申报', '2017-01-10', '2016-10-01', '2016-12-31', '{"pdf数据": {"市区（增值税附征）": "0", "增值税教育费附加": "0", "增值税地方教育附加": "0"}, "0": "files/1e5s161U81072.png", "1": "files/151618M1U076.pdf"}')
Wed 17 Jan 2018 17:24:36 INFO guoshui.py 897 5876 10220 customerid:9查询01月地税数据入库
Wed 17 Jan 2018 17:24:36 INFO guoshui.py 899 5876 10220 customerid:9查询01月地税数据入库完成
Wed 17 Jan 2018 17:24:36 INFO guoshui.py 920 5876 10220 customerid:9截取地税申报信息已完成
Wed 17 Jan 2018 17:24:41 INFO guoshui.py 684 5876 10220 customerid:9查询02月
Wed 17 Jan 2018 17:24:44 INFO guoshui.py 699 5876 10220 customerid:9查询02月个人所得税信息
Wed 17 Jan 2018 17:24:44 INFO guoshui.py 751 5876 10220 customerid:9查询02月个人所得税查询完毕
Wed 17 Jan 2018 17:24:47 INFO guoshui.py 769 5876 10220 customerid:9查询02月地税企业所得所得税查询
Wed 17 Jan 2018 17:24:47 INFO guoshui.py 822 5876 10220 customerid:9查询02月地税企业所得所得税查询完成
Wed 17 Jan 2018 17:24:50 INFO guoshui.py 840 5876 10220 customerid:9查询02月城市建设税查询完成
Wed 17 Jan 2018 17:24:50 INFO guoshui.py 902 5876 10220 customerid:9查询02月城建税已申报无数据
Wed 17 Jan 2018 17:24:53 INFO guoshui.py 916 5876 10220 customerid:9查询02月城建税三项无数据
Wed 17 Jan 2018 17:24:54 INFO guoshui.py 920 5876 10220 customerid:9截取地税申报信息已完成
Wed 17 Jan 2018 17:24:58 INFO guoshui.py 684 5876 10220 customerid:9查询03月
Wed 17 Jan 2018 17:25:02 INFO guoshui.py 699 5876 10220 customerid:9查询03月个人所得税信息
Wed 17 Jan 2018 17:25:02 INFO guoshui.py 751 5876 10220 customerid:9查询03月个人所得税查询完毕
Wed 17 Jan 2018 17:25:05 INFO guoshui.py 769 5876 10220 customerid:9查询03月地税企业所得所得税查询
Wed 17 Jan 2018 17:25:05 INFO guoshui.py 822 5876 10220 customerid:9查询03月地税企业所得所得税查询完成
Wed 17 Jan 2018 17:25:08 INFO guoshui.py 840 5876 10220 customerid:9查询03月城市建设税查询完成
Wed 17 Jan 2018 17:25:08 INFO guoshui.py 902 5876 10220 customerid:9查询03月城建税已申报无数据
Wed 17 Jan 2018 17:25:10 INFO guoshui.py 916 5876 10220 customerid:9查询03月城建税三项无数据
Wed 17 Jan 2018 17:25:11 INFO guoshui.py 920 5876 10220 customerid:9截取地税申报信息已完成
Wed 17 Jan 2018 17:25:16 INFO guoshui.py 684 5876 10220 customerid:9查询04月
Wed 17 Jan 2018 17:25:19 INFO guoshui.py 699 5876 10220 customerid:9查询04月个人所得税信息
Wed 17 Jan 2018 17:25:19 INFO guoshui.py 751 5876 10220 customerid:9查询04月个人所得税查询完毕
Wed 17 Jan 2018 17:25:22 INFO guoshui.py 769 5876 10220 customerid:9查询04月地税企业所得所得税查询
Wed 17 Jan 2018 17:25:22 INFO guoshui.py 822 5876 10220 customerid:9查询04月地税企业所得所得税查询完成
Wed 17 Jan 2018 17:25:25 INFO guoshui.py 840 5876 10220 customerid:9查询04月城市建设税查询完成
Wed 17 Jan 2018 17:25:29 INFO guoshui.py 896 5876 10220 ('10298', 2017, 0, 18282900, 9, '10014417000010416747', '《城建税、教育费附加、地方教育附加税（费）申报表》', '城市维护建设税', '0.00', '网络申报', '2017-04-08', '2017-01-01', '2017-03-31', '{"pdf数据": {"市区（增值税附征）": "0", "增值税教育费附加": "0", "增值税地方教育附加": "0"}, "0": "files/1516mjX181125.png", "1": "files/151A618c1129.pdf"}')
Wed 17 Jan 2018 17:25:29 INFO guoshui.py 897 5876 10220 customerid:9查询04月地税数据入库
Wed 17 Jan 2018 17:25:30 INFO guoshui.py 899 5876 10220 customerid:9查询04月地税数据入库完成
Wed 17 Jan 2018 17:25:30 INFO guoshui.py 920 5876 10220 customerid:9截取地税申报信息已完成
Wed 17 Jan 2018 17:25:35 INFO guoshui.py 684 5876 10220 customerid:9查询05月
Wed 17 Jan 2018 17:25:38 INFO guoshui.py 699 5876 10220 customerid:9查询05月个人所得税信息
Wed 17 Jan 2018 17:25:38 INFO guoshui.py 751 5876 10220 customerid:9查询05月个人所得税查询完毕
Wed 17 Jan 2018 17:25:41 INFO guoshui.py 769 5876 10220 customerid:9查询05月地税企业所得所得税查询
Wed 17 Jan 2018 17:25:41 INFO guoshui.py 822 5876 10220 customerid:9查询05月地税企业所得所得税查询完成
Wed 17 Jan 2018 17:25:44 INFO guoshui.py 840 5876 10220 customerid:9查询05月城市建设税查询完成
Wed 17 Jan 2018 17:25:44 INFO guoshui.py 902 5876 10220 customerid:9查询05月城建税已申报无数据
Wed 17 Jan 2018 17:25:47 INFO guoshui.py 920 5876 10220 customerid:9截取地税申报信息已完成
Wed 17 Jan 2018 17:25:52 INFO guoshui.py 684 5876 10220 customerid:9查询06月
Wed 17 Jan 2018 17:25:55 INFO guoshui.py 699 5876 10220 customerid:9查询06月个人所得税信息
Wed 17 Jan 2018 17:25:55 INFO guoshui.py 751 5876 10220 customerid:9查询06月个人所得税查询完毕
Wed 17 Jan 2018 17:25:58 INFO guoshui.py 769 5876 10220 customerid:9查询06月地税企业所得所得税查询
Wed 17 Jan 2018 17:25:58 INFO guoshui.py 822 5876 10220 customerid:9查询06月地税企业所得所得税查询完成
Wed 17 Jan 2018 17:26:01 INFO guoshui.py 840 5876 10220 customerid:9查询06月城市建设税查询完成
Wed 17 Jan 2018 17:26:01 INFO guoshui.py 902 5876 10220 customerid:9查询06月城建税已申报无数据
Wed 17 Jan 2018 17:26:03 INFO guoshui.py 916 5876 10220 customerid:9查询06月城建税三项无数据
Wed 17 Jan 2018 17:26:04 INFO guoshui.py 920 5876 10220 customerid:9截取地税申报信息已完成
Wed 17 Jan 2018 17:26:09 INFO guoshui.py 684 5876 10220 customerid:9查询07月
Wed 17 Jan 2018 17:26:12 INFO guoshui.py 699 5876 10220 customerid:9查询07月个人所得税信息
Wed 17 Jan 2018 17:26:12 INFO guoshui.py 751 5876 10220 customerid:9查询07月个人所得税查询完毕
Wed 17 Jan 2018 17:26:15 INFO guoshui.py 769 5876 10220 customerid:9查询07月地税企业所得所得税查询
Wed 17 Jan 2018 17:26:15 INFO guoshui.py 822 5876 10220 customerid:9查询07月地税企业所得所得税查询完成
Wed 17 Jan 2018 17:26:18 INFO guoshui.py 840 5876 10220 customerid:9查询07月城市建设税查询完成
Wed 17 Jan 2018 17:26:22 INFO guoshui.py 896 5876 10220 ('10298', 2017, 0, 18282900, 9, '10014417000017546445', '《城建税、教育费附加、地方教育附加税（费）申报表》', '城市维护建设税', '0.00', '网络申报', '2017-07-01', '2017-04-01', '2017-06-30', '{"pdf数据": {"市区（增值税附征）": "0", "增值税教育费附加": "0", "增值税地方教育附加": "0"}, "0": "files/15WA161R81178.png", "1": "files/151618A1c1G82.pdf"}')
Wed 17 Jan 2018 17:26:22 INFO guoshui.py 897 5876 10220 customerid:9查询07月地税数据入库
Wed 17 Jan 2018 17:26:23 INFO guoshui.py 899 5876 10220 customerid:9查询07月地税数据入库完成
Wed 17 Jan 2018 17:26:23 INFO guoshui.py 920 5876 10220 customerid:9截取地税申报信息已完成
Wed 17 Jan 2018 17:26:27 INFO guoshui.py 684 5876 10220 customerid:9查询08月
Wed 17 Jan 2018 17:26:31 INFO guoshui.py 699 5876 10220 customerid:9查询08月个人所得税信息
Wed 17 Jan 2018 17:26:31 INFO guoshui.py 751 5876 10220 customerid:9查询08月个人所得税查询完毕
Wed 17 Jan 2018 17:26:34 INFO guoshui.py 769 5876 10220 customerid:9查询08月地税企业所得所得税查询
Wed 17 Jan 2018 17:26:34 INFO guoshui.py 822 5876 10220 customerid:9查询08月地税企业所得所得税查询完成
Wed 17 Jan 2018 17:26:37 INFO guoshui.py 840 5876 10220 customerid:9查询08月城市建设税查询完成
Wed 17 Jan 2018 17:26:37 INFO guoshui.py 902 5876 10220 customerid:9查询08月城建税已申报无数据
Wed 17 Jan 2018 17:26:40 INFO guoshui.py 916 5876 10220 customerid:9查询08月城建税三项无数据
Wed 17 Jan 2018 17:26:40 INFO guoshui.py 920 5876 10220 customerid:9截取地税申报信息已完成
Wed 17 Jan 2018 17:26:45 INFO guoshui.py 684 5876 10220 customerid:9查询09月
Wed 17 Jan 2018 17:26:48 INFO guoshui.py 699 5876 10220 customerid:9查询09月个人所得税信息
Wed 17 Jan 2018 17:26:48 INFO guoshui.py 751 5876 10220 customerid:9查询09月个人所得税查询完毕
Wed 17 Jan 2018 17:26:51 INFO guoshui.py 769 5876 10220 customerid:9查询09月地税企业所得所得税查询
Wed 17 Jan 2018 17:26:51 INFO guoshui.py 822 5876 10220 customerid:9查询09月地税企业所得所得税查询完成
Wed 17 Jan 2018 17:26:54 INFO guoshui.py 840 5876 10220 customerid:9查询09月城市建设税查询完成
Wed 17 Jan 2018 17:26:54 INFO guoshui.py 902 5876 10220 customerid:9查询09月城建税已申报无数据
Wed 17 Jan 2018 17:26:57 INFO guoshui.py 916 5876 10220 customerid:9查询09月城建税三项无数据
Wed 17 Jan 2018 17:26:57 INFO guoshui.py 920 5876 10220 customerid:9截取地税申报信息已完成
Wed 17 Jan 2018 17:27:02 INFO guoshui.py 684 5876 10220 customerid:9查询10月
Wed 17 Jan 2018 17:27:05 INFO guoshui.py 699 5876 10220 customerid:9查询10月个人所得税信息
Wed 17 Jan 2018 17:27:09 INFO guoshui.py 746 5876 10220 ('10298', 2017, 0, 18282900, 9, '10024417000027369384', '《扣缴个人所得税报告表》', None, '0.00', None, '2017-10-09', None, None, '{"0": "files/15161s8a1225.png"}')
Wed 17 Jan 2018 17:27:09 INFO guoshui.py 747 5876 10220 customerid:9查询10月个人所得税信息插入数据库
Wed 17 Jan 2018 17:27:09 INFO guoshui.py 749 5876 10220 customerid:9查询10月数据入库完成
Wed 17 Jan 2018 17:27:09 INFO guoshui.py 751 5876 10220 customerid:9查询10月个人所得税查询完毕
Wed 17 Jan 2018 17:27:12 INFO guoshui.py 769 5876 10220 customerid:9查询10月地税企业所得所得税查询
Wed 17 Jan 2018 17:27:12 INFO guoshui.py 822 5876 10220 customerid:9查询10月地税企业所得所得税查询完成
Wed 17 Jan 2018 17:27:15 INFO guoshui.py 840 5876 10220 customerid:9查询10月城市建设税查询完成
Wed 17 Jan 2018 17:27:20 INFO guoshui.py 896 5876 10220 ('10298', 2017, 0, 18282900, 9, '10014417000023695881', '《城建税、教育费附加、地方教育附加税（费）申报表》', '城市维护建设税', '0.00', '网络申报', '2017-10-09', '2017-07-01', '2017-09-30', '{"pdf数据": {"市区（增值税附征）": "0", "增值税教育费附加": "0", "增值税地方教育附加": "0"}, "0": "files/1516LA1M81235.png", "1": "files/15m161M81G240.pdf"}')
Wed 17 Jan 2018 17:27:20 INFO guoshui.py 897 5876 10220 customerid:9查询10月地税数据入库
Wed 17 Jan 2018 17:27:20 INFO guoshui.py 899 5876 10220 customerid:9查询10月地税数据入库完成
Wed 17 Jan 2018 17:27:20 INFO guoshui.py 920 5876 10220 customerid:9截取地税申报信息已完成
Wed 17 Jan 2018 17:27:25 INFO guoshui.py 684 5876 10220 customerid:9查询11月
Wed 17 Jan 2018 17:27:28 INFO guoshui.py 699 5876 10220 customerid:9查询11月个人所得税信息
Wed 17 Jan 2018 17:27:32 INFO guoshui.py 746 5876 10220 ('10298', 2017, 0, 18282900, 9, '10024417000031884474', '《扣缴个人所得税报告表》', None, '0.00', None, '2017-11-09', None, None, '{"0": "files/15L1R61m81248.png"}')
Wed 17 Jan 2018 17:27:32 INFO guoshui.py 747 5876 10220 customerid:9查询11月个人所得税信息插入数据库
Wed 17 Jan 2018 17:27:32 INFO guoshui.py 749 5876 10220 customerid:9查询11月数据入库完成
Wed 17 Jan 2018 17:27:32 INFO guoshui.py 751 5876 10220 customerid:9查询11月个人所得税查询完毕
Wed 17 Jan 2018 17:27:35 INFO guoshui.py 769 5876 10220 customerid:9查询11月地税企业所得所得税查询
Wed 17 Jan 2018 17:27:35 INFO guoshui.py 822 5876 10220 customerid:9查询11月地税企业所得所得税查询完成
Wed 17 Jan 2018 17:27:38 INFO guoshui.py 840 5876 10220 customerid:9查询11月城市建设税查询完成
Wed 17 Jan 2018 17:27:38 INFO guoshui.py 902 5876 10220 customerid:9查询11月城建税已申报无数据
Wed 17 Jan 2018 17:27:41 INFO guoshui.py 916 5876 10220 customerid:9查询11月城建税三项无数据
Wed 17 Jan 2018 17:27:42 INFO guoshui.py 920 5876 10220 customerid:9截取地税申报信息已完成
Wed 17 Jan 2018 17:27:46 INFO guoshui.py 684 5876 10220 customerid:9查询12月
Wed 17 Jan 2018 17:27:50 INFO guoshui.py 699 5876 10220 customerid:9查询12月个人所得税信息
Wed 17 Jan 2018 17:27:54 INFO guoshui.py 746 5876 10220 ('10298', 2017, 0, 18282900, 9, '10024417000033752589', '《扣缴个人所得税报告表》', None, '0.00', None, '2017-12-02', None, None, '{"0": "files/15161W81270Wq.png"}')
Wed 17 Jan 2018 17:27:54 INFO guoshui.py 747 5876 10220 customerid:9查询12月个人所得税信息插入数据库
Wed 17 Jan 2018 17:27:54 INFO guoshui.py 749 5876 10220 customerid:9查询12月数据入库完成
Wed 17 Jan 2018 17:27:54 INFO guoshui.py 751 5876 10220 customerid:9查询12月个人所得税查询完毕
Wed 17 Jan 2018 17:27:57 INFO guoshui.py 769 5876 10220 customerid:9查询12月地税企业所得所得税查询
Wed 17 Jan 2018 17:27:57 INFO guoshui.py 822 5876 10220 customerid:9查询12月地税企业所得所得税查询完成
Wed 17 Jan 2018 17:28:00 INFO guoshui.py 840 5876 10220 customerid:9查询12月城市建设税查询完成
Wed 17 Jan 2018 17:28:01 INFO guoshui.py 902 5876 10220 customerid:9查询12月城建税已申报无数据
Wed 17 Jan 2018 17:28:03 INFO guoshui.py 916 5876 10220 customerid:9查询12月城建税三项无数据
Wed 17 Jan 2018 17:28:04 INFO guoshui.py 920 5876 10220 customerid:9截取地税申报信息已完成
Wed 17 Jan 2018 17:28:04 INFO guoshui.py 934 5876 10220 customerid:9查询01月
Wed 17 Jan 2018 17:28:04 INFO guoshui.py 936 5876 10220 customerid:9截取地税缴款信息
Wed 17 Jan 2018 17:28:04 WARNING guoshui.py 632 5876 10220 Message: {"errorMessage":"Element is not currently visible and may not be manipulated","request":{"headers":{"Accept":"application/json","Accept-Encoding":"identity","Connection":"close","Content-Length":"81","Content-Type":"application/json;charset=UTF-8","Host":"127.0.0.1:25332","User-Agent":"Python http auth"},"httpVersion":"1.1","method":"POST","post":"{\"sessionId\": \"28d1fb30-fb68-11e7-8bfe-ab68a4a1bd35\", \"id\": \":wdc:1516181284645\"}","url":"/click","urlParsed":{"anchor":"","query":"","file":"click","directory":"/","path":"/click","relative":"/click","port":"","host":"","password":"","user":"","userInfo":"","authority":"","protocol":"","source":"/click","queryKey":{},"chunks":["click"]},"urlOriginal":"/session/28d1fb30-fb68-11e7-8bfe-ab68a4a1bd35/element/:wdc:1516181284645/click"}}
Screenshot: available via screen

Wed 17 Jan 2018 17:28:05 INFO guoshui.py 616 5876 10220 customerid:9开始登录地税
Wed 17 Jan 2018 17:28:05 INFO guoshui.py 636 5876 10220 customerid:9截取地税申报信息
Wed 17 Jan 2018 17:28:07 INFO guoshui.py 645 5876 10220 customerid:9,地税全年数据
Wed 17 Jan 2018 17:28:18 WARNING guoshui.py 632 5876 10220 Message: 
Screenshot: available via screen

Wed 17 Jan 2018 17:28:18 INFO guoshui.py 616 5876 10220 customerid:9开始登录地税
Wed 17 Jan 2018 17:28:19 INFO guoshui.py 636 5876 10220 customerid:9截取地税申报信息
Wed 17 Jan 2018 17:28:21 INFO guoshui.py 645 5876 10220 customerid:9,地税全年数据
Wed 17 Jan 2018 17:28:31 WARNING guoshui.py 632 5876 10220 Message: 
Screenshot: available via screen

Wed 17 Jan 2018 17:28:32 INFO guoshui.py 616 5876 10220 customerid:9开始登录地税
Wed 17 Jan 2018 17:28:32 INFO guoshui.py 636 5876 10220 customerid:9截取地税申报信息
Wed 17 Jan 2018 17:28:34 INFO guoshui.py 645 5876 10220 customerid:9,地税全年数据
Wed 17 Jan 2018 17:28:44 WARNING guoshui.py 632 5876 10220 Message: 
Screenshot: available via screen

Wed 17 Jan 2018 17:28:45 INFO guoshui.py 1457 5876 10220 customerid:9全部爬取完成
Wed 17 Jan 2018 17:43:54 INFO guoshui.py 230 16212 19052 customerid:9,开始尝试登陆
Wed 17 Jan 2018 17:43:54 INFO guoshui.py 240 16212 19052 未传代理参数，启用本机IP
Wed 17 Jan 2018 17:43:56 INFO guoshui.py 266 16212 19052 customerid:9，获取验证码为：[{"x":269,"y":57},{"x":222,"y":60},{"x":73,"y":52}]
Wed 17 Jan 2018 17:43:56 INFO guoshui.py 270 16212 19052 customerid:9，验证验证码[{"x":269,"y":57},{"x":222,"y":60},{"x":73,"y":52}]
Wed 17 Jan 2018 17:43:56 INFO guoshui.py 278 16212 19052 customerid:9,成功post数据
Wed 17 Jan 2018 17:43:56 INFO guoshui.py 285 16212 19052 customerid:9pass
Wed 17 Jan 2018 17:43:56 INFO guoshui.py 1395 16212 19052 customerid:9获取cookies
Wed 17 Jan 2018 17:44:16 INFO guoshui.py 617 16212 19052 customerid:9开始登录地税
Wed 17 Jan 2018 17:44:16 INFO guoshui.py 637 16212 19052 customerid:9截取地税申报信息
Wed 17 Jan 2018 17:44:18 INFO guoshui.py 646 16212 19052 customerid:9,地税全年数据
Wed 17 Jan 2018 17:44:28 INFO guoshui.py 685 16212 19052 customerid:9查询01月
Wed 17 Jan 2018 17:44:31 INFO guoshui.py 700 16212 19052 customerid:9查询01月个人所得税信息
Wed 17 Jan 2018 17:44:31 INFO guoshui.py 752 16212 19052 customerid:9查询01月个人所得税查询完毕
Wed 17 Jan 2018 17:44:34 INFO guoshui.py 770 16212 19052 customerid:9查询01月地税企业所得所得税查询
Wed 17 Jan 2018 17:44:34 INFO guoshui.py 823 16212 19052 customerid:9查询01月地税企业所得所得税查询完成
Wed 17 Jan 2018 17:44:37 INFO guoshui.py 841 16212 19052 customerid:9查询01月城市建设税查询完成
Wed 17 Jan 2018 17:44:42 INFO guoshui.py 897 16212 19052 ('10298', 2017, 0, 18282900, 9, '10014417000002043527', '《城建税、教育费附加、地方教育附加税（费）申报表》', '城市维护建设税', '0.00', '直接(上门)申报', '2017-01-10', '2016-10-01', '2016-12-31', '{"0": "files/1516U1s8G2277.png", "pdf数据": {"增值税教育费附加": "0", "市区（增值税附征）": "0", "增值税地方教育附加": "0"}, "1": "files/15m16182282X.pdf"}')
Wed 17 Jan 2018 17:44:42 INFO guoshui.py 898 16212 19052 customerid:9查询01月地税数据入库
Wed 17 Jan 2018 17:44:42 INFO guoshui.py 900 16212 19052 customerid:9查询01月地税数据入库完成
Wed 17 Jan 2018 17:44:42 INFO guoshui.py 921 16212 19052 customerid:9截取地税申报信息已完成
Wed 17 Jan 2018 17:44:47 INFO guoshui.py 685 16212 19052 customerid:9查询02月
Wed 17 Jan 2018 17:44:50 INFO guoshui.py 700 16212 19052 customerid:9查询02月个人所得税信息
Wed 17 Jan 2018 17:44:50 INFO guoshui.py 752 16212 19052 customerid:9查询02月个人所得税查询完毕
Wed 17 Jan 2018 17:44:53 INFO guoshui.py 770 16212 19052 customerid:9查询02月地税企业所得所得税查询
Wed 17 Jan 2018 17:44:53 INFO guoshui.py 823 16212 19052 customerid:9查询02月地税企业所得所得税查询完成
Wed 17 Jan 2018 17:44:56 INFO guoshui.py 841 16212 19052 customerid:9查询02月城市建设税查询完成
Wed 17 Jan 2018 17:44:56 INFO guoshui.py 903 16212 19052 customerid:9查询02月城建税已申报无数据
Wed 17 Jan 2018 17:44:59 INFO guoshui.py 917 16212 19052 customerid:9查询02月城建税三项无数据
Wed 17 Jan 2018 17:45:00 INFO guoshui.py 921 16212 19052 customerid:9截取地税申报信息已完成
Wed 17 Jan 2018 17:45:04 INFO guoshui.py 685 16212 19052 customerid:9查询03月
Wed 17 Jan 2018 17:45:08 INFO guoshui.py 700 16212 19052 customerid:9查询03月个人所得税信息
Wed 17 Jan 2018 17:45:08 INFO guoshui.py 752 16212 19052 customerid:9查询03月个人所得税查询完毕
Wed 17 Jan 2018 17:45:11 INFO guoshui.py 770 16212 19052 customerid:9查询03月地税企业所得所得税查询
Wed 17 Jan 2018 17:45:11 INFO guoshui.py 823 16212 19052 customerid:9查询03月地税企业所得所得税查询完成
Wed 17 Jan 2018 17:45:14 INFO guoshui.py 841 16212 19052 customerid:9查询03月城市建设税查询完成
Wed 17 Jan 2018 17:45:14 INFO guoshui.py 903 16212 19052 customerid:9查询03月城建税已申报无数据
Wed 17 Jan 2018 17:45:16 INFO guoshui.py 917 16212 19052 customerid:9查询03月城建税三项无数据
Wed 17 Jan 2018 17:45:17 INFO guoshui.py 921 16212 19052 customerid:9截取地税申报信息已完成
Wed 17 Jan 2018 17:45:22 INFO guoshui.py 685 16212 19052 customerid:9查询04月
Wed 17 Jan 2018 17:45:25 INFO guoshui.py 700 16212 19052 customerid:9查询04月个人所得税信息
Wed 17 Jan 2018 17:45:25 INFO guoshui.py 752 16212 19052 customerid:9查询04月个人所得税查询完毕
Wed 17 Jan 2018 17:45:28 INFO guoshui.py 770 16212 19052 customerid:9查询04月地税企业所得所得税查询
Wed 17 Jan 2018 17:45:28 INFO guoshui.py 823 16212 19052 customerid:9查询04月地税企业所得所得税查询完成
Wed 17 Jan 2018 17:45:31 INFO guoshui.py 841 16212 19052 customerid:9查询04月城市建设税查询完成
Wed 17 Jan 2018 17:45:35 INFO guoshui.py 897 16212 19052 ('10298', 2017, 0, 18282900, 9, '10014417000010416747', '《城建税、教育费附加、地方教育附加税（费）申报表》', '城市维护建设税', '0.00', '网络申报', '2017-04-08', '2017-01-01', '2017-03-31', '{"0": "files/1516l18A233U1.png", "pdf数据": {"增值税地方教育附加": "0", "市区（增值税附征）": "0", "增值税教育费附加": "0"}, "1": "files/15v1618X2335q.pdf"}')
Wed 17 Jan 2018 17:45:35 INFO guoshui.py 898 16212 19052 customerid:9查询04月地税数据入库
Wed 17 Jan 2018 17:45:36 INFO guoshui.py 900 16212 19052 customerid:9查询04月地税数据入库完成
Wed 17 Jan 2018 17:45:36 INFO guoshui.py 921 16212 19052 customerid:9截取地税申报信息已完成
Wed 17 Jan 2018 17:45:41 INFO guoshui.py 685 16212 19052 customerid:9查询05月
Wed 17 Jan 2018 17:45:44 INFO guoshui.py 700 16212 19052 customerid:9查询05月个人所得税信息
Wed 17 Jan 2018 17:45:44 INFO guoshui.py 752 16212 19052 customerid:9查询05月个人所得税查询完毕
Wed 17 Jan 2018 17:45:47 INFO guoshui.py 770 16212 19052 customerid:9查询05月地税企业所得所得税查询
Wed 17 Jan 2018 17:45:47 INFO guoshui.py 823 16212 19052 customerid:9查询05月地税企业所得所得税查询完成
Wed 17 Jan 2018 17:45:50 INFO guoshui.py 841 16212 19052 customerid:9查询05月城市建设税查询完成
Wed 17 Jan 2018 17:45:50 INFO guoshui.py 903 16212 19052 customerid:9查询05月城建税已申报无数据
Wed 17 Jan 2018 17:45:53 INFO guoshui.py 917 16212 19052 customerid:9查询05月城建税三项无数据
Wed 17 Jan 2018 17:45:53 INFO guoshui.py 921 16212 19052 customerid:9截取地税申报信息已完成
Wed 17 Jan 2018 17:47:08 WARNING guoshui.py 633 16212 19052 Message: 
Screenshot: available via screen

Wed 17 Jan 2018 17:47:09 INFO guoshui.py 617 16212 19052 customerid:9开始登录地税
Wed 17 Jan 2018 17:47:09 INFO guoshui.py 637 16212 19052 customerid:9截取地税申报信息
Wed 17 Jan 2018 17:47:11 INFO guoshui.py 646 16212 19052 customerid:9,地税全年数据
Wed 17 Jan 2018 17:47:22 WARNING guoshui.py 633 16212 19052 Message: 
Screenshot: available via screen

Wed 17 Jan 2018 17:47:22 INFO guoshui.py 617 16212 19052 customerid:9开始登录地税
Wed 17 Jan 2018 17:47:23 INFO guoshui.py 637 16212 19052 customerid:9截取地税申报信息
Wed 17 Jan 2018 17:47:25 INFO guoshui.py 646 16212 19052 customerid:9,地税全年数据
Wed 17 Jan 2018 17:47:35 WARNING guoshui.py 633 16212 19052 Message: 
Screenshot: available via screen

Wed 17 Jan 2018 17:47:36 INFO guoshui.py 617 16212 19052 customerid:9开始登录地税
Wed 17 Jan 2018 17:47:36 INFO guoshui.py 637 16212 19052 customerid:9截取地税申报信息
Wed 17 Jan 2018 17:47:38 INFO guoshui.py 646 16212 19052 customerid:9,地税全年数据
Wed 17 Jan 2018 17:49:44 INFO guoshui.py 230 18556 1200 customerid:9,开始尝试登陆
Wed 17 Jan 2018 17:49:44 INFO guoshui.py 240 18556 1200 未传代理参数，启用本机IP
Wed 17 Jan 2018 17:49:46 INFO guoshui.py 266 18556 1200 customerid:9，获取验证码为：[{"x":167,"y":62},{"x":116,"y":40},{"x":67,"y":58}]
Wed 17 Jan 2018 17:49:46 INFO guoshui.py 270 18556 1200 customerid:9，验证验证码[{"x":167,"y":62},{"x":116,"y":40},{"x":67,"y":58}]
Wed 17 Jan 2018 17:49:46 INFO guoshui.py 278 18556 1200 customerid:9,成功post数据
Wed 17 Jan 2018 17:49:46 INFO guoshui.py 285 18556 1200 customerid:9pass
Wed 17 Jan 2018 17:49:46 INFO guoshui.py 1396 18556 1200 customerid:9获取cookies
Wed 17 Jan 2018 17:49:59 INFO guoshui.py 617 18556 1200 customerid:9开始登录地税
Wed 17 Jan 2018 17:49:59 INFO guoshui.py 638 18556 1200 customerid:9截取地税申报信息
Wed 17 Jan 2018 17:50:01 INFO guoshui.py 647 18556 1200 customerid:9,地税全年数据
Wed 17 Jan 2018 17:50:11 INFO guoshui.py 686 18556 1200 customerid:9查询01月
Wed 17 Jan 2018 17:50:15 INFO guoshui.py 701 18556 1200 customerid:9查询01月个人所得税信息
Wed 17 Jan 2018 17:50:15 INFO guoshui.py 753 18556 1200 customerid:9查询01月个人所得税查询完毕
Wed 17 Jan 2018 17:50:18 INFO guoshui.py 771 18556 1200 customerid:9查询01月地税企业所得所得税查询
Wed 17 Jan 2018 17:50:18 INFO guoshui.py 824 18556 1200 customerid:9查询01月地税企业所得所得税查询完成
Wed 17 Jan 2018 17:50:21 INFO guoshui.py 842 18556 1200 customerid:9查询01月城市建设税查询完成
Wed 17 Jan 2018 17:50:25 INFO guoshui.py 898 18556 1200 ('10298', 2017, 0, 18282900, 9, '10014417000002043527', '《城建税、教育费附加、地方教育附加税（费）申报表》', '城市维护建设税', '0.00', '直接(上门)申报', '2017-01-10', '2016-10-01', '2016-12-31', '{"pdf数据": {"增值税地方教育附加": "0", "市区（增值税附征）": "0", "增值税教育费附加": "0"}, "0": "files/151X618c2o621.png", "1": "files/15161W82A62A5.pdf"}')
Wed 17 Jan 2018 17:50:25 INFO guoshui.py 899 18556 1200 customerid:9查询01月地税数据入库
Wed 17 Jan 2018 17:50:25 INFO guoshui.py 901 18556 1200 customerid:9查询01月地税数据入库完成
Wed 17 Jan 2018 17:50:25 INFO guoshui.py 922 18556 1200 customerid:9截取地税申报信息已完成
Wed 17 Jan 2018 17:50:30 INFO guoshui.py 686 18556 1200 customerid:9查询02月
Wed 17 Jan 2018 17:50:34 INFO guoshui.py 701 18556 1200 customerid:9查询02月个人所得税信息
Wed 17 Jan 2018 17:50:34 INFO guoshui.py 753 18556 1200 customerid:9查询02月个人所得税查询完毕
Wed 17 Jan 2018 17:50:37 INFO guoshui.py 771 18556 1200 customerid:9查询02月地税企业所得所得税查询
Wed 17 Jan 2018 17:50:37 INFO guoshui.py 824 18556 1200 customerid:9查询02月地税企业所得所得税查询完成
Wed 17 Jan 2018 17:50:40 INFO guoshui.py 842 18556 1200 customerid:9查询02月城市建设税查询完成
Wed 17 Jan 2018 17:50:40 INFO guoshui.py 904 18556 1200 customerid:9查询02月城建税已申报无数据
Wed 17 Jan 2018 17:51:50 WARNING guoshui.py 633 18556 1200 Message: 
Screenshot: available via screen

Wed 17 Jan 2018 17:51:50 WARNING guoshui.py 1472 18556 1200 Message: {"errorMessage":"Currently Window handle/name is invalid (closed?)","request":{"headers":{"Accept":"application/json","Accept-Encoding":"identity","Connection":"close","Content-Length":"128","Content-Type":"application/json;charset=UTF-8","Host":"127.0.0.1:29784","User-Agent":"Python http auth"},"httpVersion":"1.1","method":"POST","post":"{\"sessionId\": \"c1dbcf10-fb6b-11e7-bfac-4f89b23b59d2\", \"url\": \"http://dzswj.szgs.gov.cn/BsfwtWeb/apps/views/sb/djsxx/djsxx.html\"}","url":"/url","urlParsed":{"anchor":"","query":"","file":"url","directory":"/","path":"/url","relative":"/url","port":"","host":"","password":"","user":"","userInfo":"","authority":"","protocol":"","source":"/url","queryKey":{},"chunks":["url"]},"urlOriginal":"/session/c1dbcf10-fb6b-11e7-bfac-4f89b23b59d2/url"}}
Screenshot: available via screen

Wed 17 Jan 2018 17:53:34 INFO guoshui.py 230 15104 10140 customerid:9,开始尝试登陆
Wed 17 Jan 2018 17:53:34 INFO guoshui.py 240 15104 10140 未传代理参数，启用本机IP
Wed 17 Jan 2018 17:53:35 INFO guoshui.py 266 15104 10140 customerid:9，获取验证码为：[{"x":123,"y":86},{"x":221,"y":38},{"x":269,"y":21}]
Wed 17 Jan 2018 17:53:35 INFO guoshui.py 270 15104 10140 customerid:9，验证验证码[{"x":123,"y":86},{"x":221,"y":38},{"x":269,"y":21}]
Wed 17 Jan 2018 17:53:36 INFO guoshui.py 278 15104 10140 customerid:9,成功post数据
Wed 17 Jan 2018 17:53:36 INFO guoshui.py 285 15104 10140 customerid:9pass
Wed 17 Jan 2018 17:53:36 INFO guoshui.py 1396 15104 10140 customerid:9获取cookies
Wed 17 Jan 2018 17:53:48 INFO guoshui.py 617 15104 10140 customerid:9开始登录地税
Wed 17 Jan 2018 17:53:49 INFO guoshui.py 638 15104 10140 customerid:9截取地税申报信息
Wed 17 Jan 2018 17:53:51 INFO guoshui.py 647 15104 10140 customerid:9,地税全年数据
Wed 17 Jan 2018 17:54:00 INFO guoshui.py 686 15104 10140 customerid:9查询01月
Wed 17 Jan 2018 17:54:04 INFO guoshui.py 701 15104 10140 customerid:9查询01月个人所得税信息
Wed 17 Jan 2018 17:54:04 INFO guoshui.py 753 15104 10140 customerid:9查询01月个人所得税查询完毕
Wed 17 Jan 2018 17:54:07 INFO guoshui.py 771 15104 10140 customerid:9查询01月地税企业所得所得税查询
Wed 17 Jan 2018 17:54:07 INFO guoshui.py 824 15104 10140 customerid:9查询01月地税企业所得所得税查询完成
Wed 17 Jan 2018 17:54:10 INFO guoshui.py 842 15104 10140 customerid:9查询01月城市建设税查询完成
Wed 17 Jan 2018 17:54:14 INFO guoshui.py 898 15104 10140 ('10298', 2017, 0, 18282900, 9, '10014417000002043527', '《城建税、教育费附加、地方教育附加税（费）申报表》', '城市维护建设税', '0.00', '直接(上门)申报', '2017-01-10', '2016-10-01', '2016-12-31', '{"0": "files/1516W18v2G850.png", "1": "files/1516s18v2854.pdf", "pdf数据": {"增值税地方教育附加": "0", "市区（增值税附征）": "0", "增值税教育费附加": "0"}}')
Wed 17 Jan 2018 17:54:14 INFO guoshui.py 899 15104 10140 customerid:9查询01月地税数据入库
Wed 17 Jan 2018 17:54:15 INFO guoshui.py 901 15104 10140 customerid:9查询01月地税数据入库完成
Wed 17 Jan 2018 17:54:15 INFO guoshui.py 922 15104 10140 customerid:9截取地税申报信息已完成
Wed 17 Jan 2018 17:54:19 INFO guoshui.py 686 15104 10140 customerid:9查询02月
Wed 17 Jan 2018 17:54:23 INFO guoshui.py 701 15104 10140 customerid:9查询02月个人所得税信息
Wed 17 Jan 2018 17:54:23 INFO guoshui.py 753 15104 10140 customerid:9查询02月个人所得税查询完毕
Wed 17 Jan 2018 17:54:26 INFO guoshui.py 771 15104 10140 customerid:9查询02月地税企业所得所得税查询
Wed 17 Jan 2018 17:54:26 INFO guoshui.py 824 15104 10140 customerid:9查询02月地税企业所得所得税查询完成
Wed 17 Jan 2018 17:54:29 INFO guoshui.py 842 15104 10140 customerid:9查询02月城市建设税查询完成
Wed 17 Jan 2018 17:54:29 INFO guoshui.py 904 15104 10140 customerid:9查询02月城建税已申报无数据
Wed 17 Jan 2018 17:54:31 INFO guoshui.py 918 15104 10140 customerid:9查询02月城建税三项无数据
Wed 17 Jan 2018 17:54:32 INFO guoshui.py 922 15104 10140 customerid:9截取地税申报信息已完成
Wed 17 Jan 2018 17:54:37 INFO guoshui.py 686 15104 10140 customerid:9查询03月
Wed 17 Jan 2018 17:54:40 INFO guoshui.py 701 15104 10140 customerid:9查询03月个人所得税信息
Wed 17 Jan 2018 17:54:40 INFO guoshui.py 753 15104 10140 customerid:9查询03月个人所得税查询完毕
Wed 17 Jan 2018 17:54:43 INFO guoshui.py 771 15104 10140 customerid:9查询03月地税企业所得所得税查询
Wed 17 Jan 2018 17:54:43 INFO guoshui.py 824 15104 10140 customerid:9查询03月地税企业所得所得税查询完成
Wed 17 Jan 2018 17:54:46 INFO guoshui.py 842 15104 10140 customerid:9查询03月城市建设税查询完成
Wed 17 Jan 2018 17:54:46 INFO guoshui.py 904 15104 10140 customerid:9查询03月城建税已申报无数据
Wed 17 Jan 2018 17:54:49 INFO guoshui.py 918 15104 10140 customerid:9查询03月城建税三项无数据
Wed 17 Jan 2018 17:54:49 INFO guoshui.py 922 15104 10140 customerid:9截取地税申报信息已完成
Wed 17 Jan 2018 17:54:54 INFO guoshui.py 686 15104 10140 customerid:9查询04月
Wed 17 Jan 2018 17:54:57 INFO guoshui.py 701 15104 10140 customerid:9查询04月个人所得税信息
Wed 17 Jan 2018 17:54:57 INFO guoshui.py 753 15104 10140 customerid:9查询04月个人所得税查询完毕
Wed 17 Jan 2018 17:55:00 INFO guoshui.py 771 15104 10140 customerid:9查询04月地税企业所得所得税查询
Wed 17 Jan 2018 17:55:00 INFO guoshui.py 824 15104 10140 customerid:9查询04月地税企业所得所得税查询完成
Wed 17 Jan 2018 17:55:03 INFO guoshui.py 842 15104 10140 customerid:9查询04月城市建设税查询完成
Wed 17 Jan 2018 17:55:08 INFO guoshui.py 898 15104 10140 ('10298', 2017, 0, 18282900, 9, '10014417000010416747', '《城建税、教育费附加、地方教育附加税（费）申报表》', '城市维护建设税', '0.00', '网络申报', '2017-04-08', '2017-01-01', '2017-03-31', '{"0": "files/1516H18G2903.png", "1": "files/151j618G290W8.pdf", "pdf数据": {"增值税地方教育附加": "0", "市区（增值税附征）": "0", "增值税教育费附加": "0"}}')
Wed 17 Jan 2018 17:55:08 INFO guoshui.py 899 15104 10140 customerid:9查询04月地税数据入库
Wed 17 Jan 2018 17:55:08 INFO guoshui.py 901 15104 10140 customerid:9查询04月地税数据入库完成
Wed 17 Jan 2018 17:55:08 INFO guoshui.py 922 15104 10140 customerid:9截取地税申报信息已完成
Wed 17 Jan 2018 17:55:13 INFO guoshui.py 686 15104 10140 customerid:9查询05月
Wed 17 Jan 2018 17:55:16 INFO guoshui.py 701 15104 10140 customerid:9查询05月个人所得税信息
Wed 17 Jan 2018 17:55:16 INFO guoshui.py 753 15104 10140 customerid:9查询05月个人所得税查询完毕
Wed 17 Jan 2018 17:55:19 INFO guoshui.py 771 15104 10140 customerid:9查询05月地税企业所得所得税查询
Wed 17 Jan 2018 17:55:19 INFO guoshui.py 824 15104 10140 customerid:9查询05月地税企业所得所得税查询完成
Wed 17 Jan 2018 17:55:22 INFO guoshui.py 842 15104 10140 customerid:9查询05月城市建设税查询完成
Wed 17 Jan 2018 17:55:22 INFO guoshui.py 904 15104 10140 customerid:9查询05月城建税已申报无数据
Wed 17 Jan 2018 17:55:25 INFO guoshui.py 918 15104 10140 customerid:9查询05月城建税三项无数据
Wed 17 Jan 2018 17:55:25 INFO guoshui.py 922 15104 10140 customerid:9截取地税申报信息已完成
Wed 17 Jan 2018 17:55:30 INFO guoshui.py 686 15104 10140 customerid:9查询06月
Wed 17 Jan 2018 17:55:33 INFO guoshui.py 701 15104 10140 customerid:9查询06月个人所得税信息
Wed 17 Jan 2018 17:55:33 INFO guoshui.py 753 15104 10140 customerid:9查询06月个人所得税查询完毕
Wed 17 Jan 2018 17:55:36 INFO guoshui.py 771 15104 10140 customerid:9查询06月地税企业所得所得税查询
Wed 17 Jan 2018 17:55:36 INFO guoshui.py 824 15104 10140 customerid:9查询06月地税企业所得所得税查询完成
Wed 17 Jan 2018 17:55:39 INFO guoshui.py 842 15104 10140 customerid:9查询06月城市建设税查询完成
Wed 17 Jan 2018 17:55:39 INFO guoshui.py 904 15104 10140 customerid:9查询06月城建税已申报无数据
Wed 17 Jan 2018 17:55:42 INFO guoshui.py 918 15104 10140 customerid:9查询06月城建税三项无数据
Wed 17 Jan 2018 17:55:42 INFO guoshui.py 922 15104 10140 customerid:9截取地税申报信息已完成
Wed 17 Jan 2018 17:55:47 INFO guoshui.py 686 15104 10140 customerid:9查询07月
Wed 17 Jan 2018 17:55:51 INFO guoshui.py 701 15104 10140 customerid:9查询07月个人所得税信息
Wed 17 Jan 2018 17:55:51 INFO guoshui.py 753 15104 10140 customerid:9查询07月个人所得税查询完毕
Wed 17 Jan 2018 17:55:54 INFO guoshui.py 771 15104 10140 customerid:9查询07月地税企业所得所得税查询
Wed 17 Jan 2018 17:55:54 INFO guoshui.py 824 15104 10140 customerid:9查询07月地税企业所得所得税查询完成
Wed 17 Jan 2018 17:55:57 INFO guoshui.py 842 15104 10140 customerid:9查询07月城市建设税查询完成
Wed 17 Jan 2018 17:56:01 INFO guoshui.py 898 15104 10140 ('10298', 2017, 0, 18282900, 9, '10014417000017546445', '《城建税、教育费附加、地方教育附加税（费）申报表》', '城市维护建设税', '0.00', '网络申报', '2017-07-01', '2017-04-01', '2017-06-30', '{"0": "files/1X5G161c82957.png", "1": "files/151vX618296s1.pdf", "pdf数据": {"增值税地方教育附加": "0", "市区（增值税附征）": "0", "增值税教育费附加": "0"}}')
Wed 17 Jan 2018 17:56:01 INFO guoshui.py 899 15104 10140 customerid:9查询07月地税数据入库
Wed 17 Jan 2018 17:56:01 INFO guoshui.py 901 15104 10140 customerid:9查询07月地税数据入库完成
Wed 17 Jan 2018 17:56:01 INFO guoshui.py 922 15104 10140 customerid:9截取地税申报信息已完成
Wed 17 Jan 2018 17:56:06 INFO guoshui.py 686 15104 10140 customerid:9查询08月
Wed 17 Jan 2018 17:56:09 INFO guoshui.py 701 15104 10140 customerid:9查询08月个人所得税信息
Wed 17 Jan 2018 17:56:09 INFO guoshui.py 753 15104 10140 customerid:9查询08月个人所得税查询完毕
Wed 17 Jan 2018 17:56:12 INFO guoshui.py 771 15104 10140 customerid:9查询08月地税企业所得所得税查询
Wed 17 Jan 2018 17:56:12 INFO guoshui.py 824 15104 10140 customerid:9查询08月地税企业所得所得税查询完成
Wed 17 Jan 2018 17:56:15 INFO guoshui.py 842 15104 10140 customerid:9查询08月城市建设税查询完成
Wed 17 Jan 2018 17:56:15 INFO guoshui.py 904 15104 10140 customerid:9查询08月城建税已申报无数据
Wed 17 Jan 2018 17:56:18 INFO guoshui.py 918 15104 10140 customerid:9查询08月城建税三项无数据
Wed 17 Jan 2018 17:56:18 INFO guoshui.py 922 15104 10140 customerid:9截取地税申报信息已完成
Wed 17 Jan 2018 17:56:23 INFO guoshui.py 686 15104 10140 customerid:9查询09月
Wed 17 Jan 2018 17:56:27 INFO guoshui.py 701 15104 10140 customerid:9查询09月个人所得税信息
Wed 17 Jan 2018 17:56:27 INFO guoshui.py 753 15104 10140 customerid:9查询09月个人所得税查询完毕
Wed 17 Jan 2018 17:56:30 INFO guoshui.py 771 15104 10140 customerid:9查询09月地税企业所得所得税查询
Wed 17 Jan 2018 17:56:30 INFO guoshui.py 824 15104 10140 customerid:9查询09月地税企业所得所得税查询完成
Wed 17 Jan 2018 17:56:33 INFO guoshui.py 842 15104 10140 customerid:9查询09月城市建设税查询完成
Wed 17 Jan 2018 17:56:33 INFO guoshui.py 904 15104 10140 customerid:9查询09月城建税已申报无数据
Wed 17 Jan 2018 17:56:36 INFO guoshui.py 918 15104 10140 customerid:9查询09月城建税三项无数据
Wed 17 Jan 2018 17:56:36 INFO guoshui.py 922 15104 10140 customerid:9截取地税申报信息已完成
Wed 17 Jan 2018 17:56:41 INFO guoshui.py 686 15104 10140 customerid:9查询10月
Wed 17 Jan 2018 17:56:44 INFO guoshui.py 701 15104 10140 customerid:9查询10月个人所得税信息
Wed 17 Jan 2018 17:56:48 INFO guoshui.py 748 15104 10140 ('10298', 2017, 0, 18282900, 9, '10024417000027369384', '《扣缴个人所得税报告表》', None, '0.00', None, '2017-10-09', None, None, '{"0": "files/15M161M83G004.png"}')
Wed 17 Jan 2018 17:56:48 INFO guoshui.py 749 15104 10140 customerid:9查询10月个人所得税信息插入数据库
Wed 17 Jan 2018 17:56:48 INFO guoshui.py 751 15104 10140 customerid:9查询10月数据入库完成
Wed 17 Jan 2018 17:56:48 INFO guoshui.py 753 15104 10140 customerid:9查询10月个人所得税查询完毕
Wed 17 Jan 2018 17:56:51 INFO guoshui.py 771 15104 10140 customerid:9查询10月地税企业所得所得税查询
Wed 17 Jan 2018 17:56:51 INFO guoshui.py 824 15104 10140 customerid:9查询10月地税企业所得所得税查询完成
Wed 17 Jan 2018 17:56:54 INFO guoshui.py 842 15104 10140 customerid:9查询10月城市建设税查询完成
Wed 17 Jan 2018 17:56:58 INFO guoshui.py 898 15104 10140 ('10298', 2017, 0, 18282900, 9, '10014417000023695881', '《城建税、教育费附加、地方教育附加税（费）申报表》', '城市维护建设税', '0.00', '网络申报', '2017-10-09', '2017-07-01', '2017-09-30', '{"0": "files/1516183014jlU.png", "1": "files/15161A830R18R.pdf", "pdf数据": {"增值税地方教育附加": "0", "市区（增值税附征）": "0", "增值税教育费附加": "0"}}')
Wed 17 Jan 2018 17:56:58 INFO guoshui.py 899 15104 10140 customerid:9查询10月地税数据入库
Wed 17 Jan 2018 17:56:59 INFO guoshui.py 901 15104 10140 customerid:9查询10月地税数据入库完成
Wed 17 Jan 2018 17:56:59 INFO guoshui.py 922 15104 10140 customerid:9截取地税申报信息已完成
Wed 17 Jan 2018 17:57:04 INFO guoshui.py 686 15104 10140 customerid:9查询11月
Wed 17 Jan 2018 17:57:07 INFO guoshui.py 701 15104 10140 customerid:9查询11月个人所得税信息
Wed 17 Jan 2018 17:57:10 INFO guoshui.py 748 15104 10140 ('10298', 2017, 0, 18282900, 9, '10024417000031884474', '《扣缴个人所得税报告表》', None, '0.00', None, '2017-11-09', None, None, '{"0": "files/1H51m6a183027.png"}')
Wed 17 Jan 2018 17:57:10 INFO guoshui.py 749 15104 10140 customerid:9查询11月个人所得税信息插入数据库
Wed 17 Jan 2018 17:57:11 INFO guoshui.py 751 15104 10140 customerid:9查询11月数据入库完成
Wed 17 Jan 2018 17:57:11 INFO guoshui.py 753 15104 10140 customerid:9查询11月个人所得税查询完毕
Wed 17 Jan 2018 17:57:14 INFO guoshui.py 771 15104 10140 customerid:9查询11月地税企业所得所得税查询
Wed 17 Jan 2018 17:57:14 INFO guoshui.py 824 15104 10140 customerid:9查询11月地税企业所得所得税查询完成
Wed 17 Jan 2018 17:57:17 INFO guoshui.py 842 15104 10140 customerid:9查询11月城市建设税查询完成
Wed 17 Jan 2018 17:57:17 INFO guoshui.py 904 15104 10140 customerid:9查询11月城建税已申报无数据
Wed 17 Jan 2018 17:57:20 INFO guoshui.py 918 15104 10140 customerid:9查询11月城建税三项无数据
Wed 17 Jan 2018 17:57:20 INFO guoshui.py 922 15104 10140 customerid:9截取地税申报信息已完成
Wed 17 Jan 2018 17:57:25 INFO guoshui.py 686 15104 10140 customerid:9查询12月
Wed 17 Jan 2018 17:57:28 INFO guoshui.py 701 15104 10140 customerid:9查询12月个人所得税信息
Wed 17 Jan 2018 17:57:32 INFO guoshui.py 748 15104 10140 ('10298', 2017, 0, 18282900, 9, '10024417000033752589', '《扣缴个人所得税报告表》', None, '0.00', None, '2017-12-02', None, None, '{"0": "files/1516j1W8304v8.png"}')
Wed 17 Jan 2018 17:57:32 INFO guoshui.py 749 15104 10140 customerid:9查询12月个人所得税信息插入数据库
Wed 17 Jan 2018 17:57:32 INFO guoshui.py 751 15104 10140 customerid:9查询12月数据入库完成
Wed 17 Jan 2018 17:57:32 INFO guoshui.py 753 15104 10140 customerid:9查询12月个人所得税查询完毕
Wed 17 Jan 2018 17:57:35 INFO guoshui.py 771 15104 10140 customerid:9查询12月地税企业所得所得税查询
Wed 17 Jan 2018 17:57:35 INFO guoshui.py 824 15104 10140 customerid:9查询12月地税企业所得所得税查询完成
Wed 17 Jan 2018 17:57:38 INFO guoshui.py 842 15104 10140 customerid:9查询12月城市建设税查询完成
Wed 17 Jan 2018 17:57:38 INFO guoshui.py 904 15104 10140 customerid:9查询12月城建税已申报无数据
Wed 17 Jan 2018 17:57:41 INFO guoshui.py 918 15104 10140 customerid:9查询12月城建税三项无数据
Wed 17 Jan 2018 17:57:41 INFO guoshui.py 922 15104 10140 customerid:9截取地税申报信息已完成
Wed 17 Jan 2018 17:57:41 INFO guoshui.py 936 15104 10140 customerid:9查询01月
Wed 17 Jan 2018 17:57:41 INFO guoshui.py 938 15104 10140 customerid:9截取地税缴款信息
Wed 17 Jan 2018 17:58:33 WARNING guoshui.py 633 15104 10140 Message: {"errorMessage":"Element is not currently visible and may not be manipulated","request":{"headers":{"Accept":"application/json","Accept-Encoding":"identity","Connection":"close","Content-Length":"81","Content-Type":"application/json;charset=UTF-8","Host":"127.0.0.1:30468","User-Agent":"Python http auth"},"httpVersion":"1.1","method":"POST","post":"{\"sessionId\": \"4ab16930-fb6c-11e7-b04c-f35126329cc0\", \"id\": \":wdc:1516183090232\"}","url":"/click","urlParsed":{"anchor":"","query":"","file":"click","directory":"/","path":"/click","relative":"/click","port":"","host":"","password":"","user":"","userInfo":"","authority":"","protocol":"","source":"/click","queryKey":{},"chunks":["click"]},"urlOriginal":"/session/4ab16930-fb6c-11e7-b04c-f35126329cc0/element/:wdc:1516183090232/click"}}
Screenshot: available via screen

Wed 17 Jan 2018 17:58:39 INFO guoshui.py 617 15104 10140 customerid:9开始登录地税
Wed 17 Jan 2018 17:58:50 INFO guoshui.py 638 15104 10140 customerid:9截取地税申报信息
Wed 17 Jan 2018 17:58:52 INFO guoshui.py 647 15104 10140 customerid:9,地税全年数据
Wed 17 Jan 2018 17:59:06 WARNING guoshui.py 633 15104 10140 Message: 
Screenshot: available via screen

Wed 17 Jan 2018 18:18:20 INFO guoshui.py 230 16696 17356 customerid:9,开始尝试登陆
Wed 17 Jan 2018 18:18:20 INFO guoshui.py 240 16696 17356 未传代理参数，启用本机IP
Wed 17 Jan 2018 18:18:57 INFO guoshui.py 230 13228 14880 customerid:9,开始尝试登陆
Wed 17 Jan 2018 18:18:57 INFO guoshui.py 240 13228 14880 未传代理参数，启用本机IP
Wed 17 Jan 2018 18:18:59 INFO guoshui.py 266 13228 14880 customerid:9，获取验证码为：None
Wed 17 Jan 2018 18:18:59 INFO guoshui.py 230 13228 14880 customerid:9,开始尝试登陆
Wed 17 Jan 2018 18:18:59 INFO guoshui.py 240 13228 14880 未传代理参数，启用本机IP
Wed 17 Jan 2018 18:19:01 INFO guoshui.py 266 13228 14880 customerid:9，获取验证码为：[{"x":73,"y":55},{"x":19,"y":67},{"x":123,"y":62}]
Wed 17 Jan 2018 18:19:01 INFO guoshui.py 270 13228 14880 customerid:9，验证验证码[{"x":73,"y":55},{"x":19,"y":67},{"x":123,"y":62}]
Wed 17 Jan 2018 18:19:01 INFO guoshui.py 278 13228 14880 customerid:9,成功post数据
Wed 17 Jan 2018 18:19:01 INFO guoshui.py 285 13228 14880 customerid:9pass
Wed 17 Jan 2018 18:19:01 INFO guoshui.py 1398 13228 14880 customerid:9获取cookies
Wed 17 Jan 2018 18:19:04 WARNING guoshui.py 1430 13228 14880 Message: Service D:/BaiduNetdiskDownload/phantomjs-2.1.1-windows/bin/phantomjs.exe unexpectedly exited. Status code was: 4294967295

Wed 17 Jan 2018 19:20:37 INFO guoshui.py 230 3068 5344 customerid:9,开始尝试登陆
Wed 17 Jan 2018 19:20:37 INFO guoshui.py 240 3068 5344 未传代理参数，启用本机IP
Wed 17 Jan 2018 19:20:39 INFO guoshui.py 266 3068 5344 customerid:9，获取验证码为：None
Wed 17 Jan 2018 19:20:39 INFO guoshui.py 230 3068 5344 customerid:9,开始尝试登陆
Wed 17 Jan 2018 19:20:39 INFO guoshui.py 240 3068 5344 未传代理参数，启用本机IP
Wed 17 Jan 2018 19:20:40 INFO guoshui.py 266 3068 5344 customerid:9，获取验证码为：None
Wed 17 Jan 2018 19:20:40 INFO guoshui.py 230 3068 5344 customerid:9,开始尝试登陆
Wed 17 Jan 2018 19:20:40 INFO guoshui.py 240 3068 5344 未传代理参数，启用本机IP
Wed 17 Jan 2018 19:20:42 INFO guoshui.py 266 3068 5344 customerid:9，获取验证码为：[{"x":123,"y":96},{"x":223,"y":65},{"x":21,"y":70}]
Wed 17 Jan 2018 19:20:42 INFO guoshui.py 270 3068 5344 customerid:9，验证验证码[{"x":123,"y":96},{"x":223,"y":65},{"x":21,"y":70}]
Wed 17 Jan 2018 19:20:42 INFO guoshui.py 278 3068 5344 customerid:9,成功post数据
Wed 17 Jan 2018 19:20:42 INFO guoshui.py 285 3068 5344 customerid:9pass
Wed 17 Jan 2018 19:20:42 INFO guoshui.py 1398 3068 5344 customerid:9获取cookies
Wed 17 Jan 2018 19:20:51 INFO guoshui.py 380 3068 5344 customerid:9截取国税增值税申报信息
Wed 17 Jan 2018 19:20:51 INFO guoshui.py 397 3068 5344 customerid:9查询01月
Wed 17 Jan 2018 19:20:54 INFO guoshui.py 422 3068 5344 customerid:9有申报表需要查询
Wed 17 Jan 2018 19:20:54 INFO guoshui.py 486 3068 5344 customerid:9申报表截图
Wed 17 Jan 2018 19:20:59 INFO guoshui.py 508 3068 5344 customerid:9申报表截图完成
Wed 17 Jan 2018 19:20:59 INFO guoshui.py 510 3068 5344 customerid:9返回主页面
Wed 17 Jan 2018 19:20:59 INFO guoshui.py 513 3068 5344 customerid:9关闭当前申报表
Wed 17 Jan 2018 19:20:59 INFO guoshui.py 426 3068 5344 customerid:9查询01月完成
Wed 17 Jan 2018 19:20:59 INFO guoshui.py 422 3068 5344 customerid:9有申报表需要查询
Wed 17 Jan 2018 19:21:00 INFO guoshui.py 486 3068 5344 customerid:9申报表截图
Wed 17 Jan 2018 19:21:03 INFO guoshui.py 508 3068 5344 customerid:9申报表截图完成
Wed 17 Jan 2018 19:21:03 INFO guoshui.py 510 3068 5344 customerid:9返回主页面
Wed 17 Jan 2018 19:21:03 INFO guoshui.py 513 3068 5344 customerid:9关闭当前申报表
Wed 17 Jan 2018 19:21:03 INFO guoshui.py 426 3068 5344 customerid:9查询01月完成
Wed 17 Jan 2018 19:21:04 INFO guoshui.py 422 3068 5344 customerid:9有申报表需要查询
Wed 17 Jan 2018 19:21:04 INFO guoshui.py 486 3068 5344 customerid:9申报表截图
Wed 17 Jan 2018 19:21:08 INFO guoshui.py 508 3068 5344 customerid:9申报表截图完成
Wed 17 Jan 2018 19:21:08 INFO guoshui.py 510 3068 5344 customerid:9返回主页面
Wed 17 Jan 2018 19:21:08 INFO guoshui.py 513 3068 5344 customerid:9关闭当前申报表
Wed 17 Jan 2018 19:21:08 INFO guoshui.py 426 3068 5344 customerid:9查询01月完成
Wed 17 Jan 2018 19:21:08 INFO guoshui.py 397 3068 5344 customerid:9查询02月
Wed 17 Jan 2018 19:21:11 INFO guoshui.py 397 3068 5344 customerid:9查询03月
Wed 17 Jan 2018 19:21:14 INFO guoshui.py 397 3068 5344 customerid:9查询04月
Wed 17 Jan 2018 19:21:17 INFO guoshui.py 422 3068 5344 customerid:9有申报表需要查询
Wed 17 Jan 2018 19:21:17 INFO guoshui.py 486 3068 5344 customerid:9申报表截图
Wed 17 Jan 2018 19:21:21 INFO guoshui.py 508 3068 5344 customerid:9申报表截图完成
Wed 17 Jan 2018 19:21:21 INFO guoshui.py 510 3068 5344 customerid:9返回主页面
Wed 17 Jan 2018 19:21:21 INFO guoshui.py 513 3068 5344 customerid:9关闭当前申报表
Wed 17 Jan 2018 19:21:21 INFO guoshui.py 426 3068 5344 customerid:9查询04月完成
Wed 17 Jan 2018 19:21:22 INFO guoshui.py 422 3068 5344 customerid:9有申报表需要查询
Wed 17 Jan 2018 19:21:22 INFO guoshui.py 486 3068 5344 customerid:9申报表截图
Wed 17 Jan 2018 19:21:26 INFO guoshui.py 508 3068 5344 customerid:9申报表截图完成
Wed 17 Jan 2018 19:21:26 INFO guoshui.py 510 3068 5344 customerid:9返回主页面
Wed 17 Jan 2018 19:21:26 INFO guoshui.py 513 3068 5344 customerid:9关闭当前申报表
Wed 17 Jan 2018 19:21:26 INFO guoshui.py 426 3068 5344 customerid:9查询04月完成
Wed 17 Jan 2018 19:21:26 INFO guoshui.py 397 3068 5344 customerid:9查询05月
Wed 17 Jan 2018 19:21:29 INFO guoshui.py 397 3068 5344 customerid:9查询06月
Wed 17 Jan 2018 19:21:32 INFO guoshui.py 397 3068 5344 customerid:9查询07月
Wed 17 Jan 2018 19:21:35 INFO guoshui.py 422 3068 5344 customerid:9有申报表需要查询
Wed 17 Jan 2018 19:21:35 INFO guoshui.py 486 3068 5344 customerid:9申报表截图
Wed 17 Jan 2018 19:21:39 INFO guoshui.py 508 3068 5344 customerid:9申报表截图完成
Wed 17 Jan 2018 19:21:39 INFO guoshui.py 510 3068 5344 customerid:9返回主页面
Wed 17 Jan 2018 19:21:39 INFO guoshui.py 513 3068 5344 customerid:9关闭当前申报表
Wed 17 Jan 2018 19:21:39 INFO guoshui.py 426 3068 5344 customerid:9查询07月完成
Wed 17 Jan 2018 19:21:40 INFO guoshui.py 422 3068 5344 customerid:9有申报表需要查询
Wed 17 Jan 2018 19:21:40 INFO guoshui.py 486 3068 5344 customerid:9申报表截图
Wed 17 Jan 2018 19:21:44 INFO guoshui.py 508 3068 5344 customerid:9申报表截图完成
Wed 17 Jan 2018 19:21:44 INFO guoshui.py 510 3068 5344 customerid:9返回主页面
Wed 17 Jan 2018 19:21:44 INFO guoshui.py 513 3068 5344 customerid:9关闭当前申报表
Wed 17 Jan 2018 19:21:44 INFO guoshui.py 426 3068 5344 customerid:9查询07月完成
Wed 17 Jan 2018 19:21:44 INFO guoshui.py 397 3068 5344 customerid:9查询08月
Wed 17 Jan 2018 19:21:47 INFO guoshui.py 397 3068 5344 customerid:9查询09月
Wed 17 Jan 2018 19:21:50 INFO guoshui.py 397 3068 5344 customerid:9查询10月
Wed 17 Jan 2018 19:21:53 INFO guoshui.py 422 3068 5344 customerid:9有申报表需要查询
Wed 17 Jan 2018 19:21:54 INFO guoshui.py 486 3068 5344 customerid:9申报表截图
Wed 17 Jan 2018 19:21:58 INFO guoshui.py 508 3068 5344 customerid:9申报表截图完成
Wed 17 Jan 2018 19:21:58 INFO guoshui.py 510 3068 5344 customerid:9返回主页面
Wed 17 Jan 2018 19:21:58 INFO guoshui.py 513 3068 5344 customerid:9关闭当前申报表
Wed 17 Jan 2018 19:21:58 INFO guoshui.py 426 3068 5344 customerid:9查询10月完成
Wed 17 Jan 2018 19:21:58 INFO guoshui.py 397 3068 5344 customerid:9查询11月
Wed 17 Jan 2018 19:22:01 INFO guoshui.py 422 3068 5344 customerid:9有申报表需要查询
Wed 17 Jan 2018 19:22:02 INFO guoshui.py 486 3068 5344 customerid:9申报表截图
