Fri 19 Jan 2018 15:48:57 INFO guoshui.py 229 6580 customerid:1111,开始尝试登陆
Fri 19 Jan 2018 15:48:57 INFO guoshui.py 239 6580 未传代理参数，启用本机IP
Fri 19 Jan 2018 15:48:58 INFO guoshui.py 265 6580 customerid:1111，获取验证码为：None
Fri 19 Jan 2018 15:48:58 INFO guoshui.py 229 6580 customerid:1111,开始尝试登陆
Fri 19 Jan 2018 15:48:58 INFO guoshui.py 239 6580 未传代理参数，启用本机IP
Fri 19 Jan 2018 15:49:00 INFO guoshui.py 265 6580 customerid:1111，获取验证码为：[{"x":24,"y":44},{"x":166,"y":101},{"x":74,"y":82}]
Fri 19 Jan 2018 15:49:00 INFO guoshui.py 269 6580 customerid:1111，验证验证码[{"x":24,"y":44},{"x":166,"y":101},{"x":74,"y":82}]
Fri 19 Jan 2018 15:49:00 INFO guoshui.py 277 6580 customerid:1111,成功post数据
Fri 19 Jan 2018 15:49:00 INFO guoshui.py 284 6580 customerid:1111pass
Fri 19 Jan 2018 15:49:00 INFO gscredit.py 77 6580 customerid:1111获取cookies
Fri 19 Jan 2018 15:49:00 WARNING gscredit.py 87 6580 [Errno 2] No such file or directory: 'cookies/1111cookies.json'
Fri 19 Jan 2018 15:49:00 WARNING gscredit.py 88 6580 customerid:1111登陆失败
Fri 19 Jan 2018 15:50:04 INFO guoshui.py 229 3116 customerid:1111,开始尝试登陆
Fri 19 Jan 2018 15:50:04 INFO guoshui.py 239 3116 未传代理参数，启用本机IP
Fri 19 Jan 2018 15:50:06 INFO guoshui.py 265 3116 customerid:1111，获取验证码为：None
Fri 19 Jan 2018 15:50:06 INFO guoshui.py 229 3116 customerid:1111,开始尝试登陆
Fri 19 Jan 2018 15:50:06 INFO guoshui.py 239 3116 未传代理参数，启用本机IP
Fri 19 Jan 2018 15:50:07 INFO guoshui.py 265 3116 customerid:1111，获取验证码为：[{"x":167,"y":69},{"x":19,"y":101},{"x":118,"y":47}]
Fri 19 Jan 2018 15:50:07 INFO guoshui.py 269 3116 customerid:1111，验证验证码[{"x":167,"y":69},{"x":19,"y":101},{"x":118,"y":47}]
Fri 19 Jan 2018 15:50:07 INFO guoshui.py 277 3116 customerid:1111,成功post数据
Fri 19 Jan 2018 15:50:07 INFO guoshui.py 284 3116 customerid:1111pass
Fri 19 Jan 2018 15:50:07 INFO gscredit.py 77 3116 customerid:1111获取cookies
Fri 19 Jan 2018 15:51:07 INFO guoshui.py 229 4524 customerid:1111,开始尝试登陆
Fri 19 Jan 2018 15:51:07 INFO guoshui.py 239 4524 未传代理参数，启用本机IP
Fri 19 Jan 2018 15:51:08 INFO guoshui.py 265 4524 customerid:1111，获取验证码为：None
Fri 19 Jan 2018 15:51:08 INFO guoshui.py 229 4524 customerid:1111,开始尝试登陆
Fri 19 Jan 2018 15:51:08 INFO guoshui.py 239 4524 未传代理参数，启用本机IP
Fri 19 Jan 2018 15:51:10 INFO guoshui.py 265 4524 customerid:1111，获取验证码为：[{"x":119,"y":80},{"x":18,"y":55},{"x":268,"y":86}]
Fri 19 Jan 2018 15:51:10 INFO guoshui.py 269 4524 customerid:1111，验证验证码[{"x":119,"y":80},{"x":18,"y":55},{"x":268,"y":86}]
Fri 19 Jan 2018 15:51:10 INFO guoshui.py 277 4524 customerid:1111,成功post数据
Fri 19 Jan 2018 15:51:10 INFO guoshui.py 284 4524 customerid:1111pass
Fri 19 Jan 2018 15:51:10 INFO gscredit.py 77 4524 customerid:1111获取cookies
Fri 19 Jan 2018 15:59:25 INFO guoshui.py 229 10920 customerid:1111,开始尝试登陆
Fri 19 Jan 2018 15:59:25 INFO guoshui.py 239 10920 未传代理参数，启用本机IP
Fri 19 Jan 2018 15:59:26 INFO guoshui.py 265 10920 customerid:1111，获取验证码为：[{"x":23,"y":73},{"x":172,"y":44},{"x":266,"y":28}]
Fri 19 Jan 2018 15:59:26 INFO guoshui.py 269 10920 customerid:1111，验证验证码[{"x":23,"y":73},{"x":172,"y":44},{"x":266,"y":28}]
Fri 19 Jan 2018 15:59:27 INFO guoshui.py 277 10920 customerid:1111,成功post数据
Fri 19 Jan 2018 15:59:27 INFO guoshui.py 284 10920 customerid:1111pass
Fri 19 Jan 2018 15:59:27 INFO gscredit.py 77 10920 customerid:1111获取cookies
Fri 19 Jan 2018 15:59:48 INFO gscredit.py 131 10920 customerid:1111GSYCX出错
Fri 19 Jan 2018 15:59:49 WARNING gscredit.py 132 10920 Message: unknown error: cannot focus element
  (Session info: chrome=63.0.3239.132)
  (Driver info: chromedriver=2.32.498550 (9dec58e66c31bcc53a9ce3c7226f0c1c5810906a),platform=Windows NT 10.0.16299 x86_64)

Fri 19 Jan 2018 16:02:41 INFO guoshui.py 229 2492 customerid:1111,开始尝试登陆
Fri 19 Jan 2018 16:02:41 INFO guoshui.py 239 2492 未传代理参数，启用本机IP
Fri 19 Jan 2018 16:02:42 INFO guoshui.py 265 2492 customerid:1111，获取验证码为：None
Fri 19 Jan 2018 16:02:42 INFO guoshui.py 229 2492 customerid:1111,开始尝试登陆
Fri 19 Jan 2018 16:02:42 INFO guoshui.py 239 2492 未传代理参数，启用本机IP
Fri 19 Jan 2018 16:02:44 INFO guoshui.py 265 2492 customerid:1111，获取验证码为：[{"x":22,"y":44},{"x":117,"y":46},{"x":69,"y":46}]
Fri 19 Jan 2018 16:02:44 INFO guoshui.py 269 2492 customerid:1111，验证验证码[{"x":22,"y":44},{"x":117,"y":46},{"x":69,"y":46}]
Fri 19 Jan 2018 16:02:44 INFO guoshui.py 277 2492 customerid:1111,成功post数据
Fri 19 Jan 2018 16:02:44 INFO guoshui.py 284 2492 customerid:1111pass
Fri 19 Jan 2018 16:02:44 INFO gscredit.py 77 2492 customerid:1111获取cookies
Fri 19 Jan 2018 16:03:10 INFO gscredit.py 134 2492 customerid:1111GSYCX出错
Fri 19 Jan 2018 16:03:15 WARNING gscredit.py 135 2492 Message: unknown error: cannot focus element
  (Session info: chrome=63.0.3239.132)
  (Driver info: chromedriver=2.32.498550 (9dec58e66c31bcc53a9ce3c7226f0c1c5810906a),platform=Windows NT 10.0.16299 x86_64)

Fri 19 Jan 2018 16:05:18 INFO guoshui.py 229 4088 customerid:1111,开始尝试登陆
Fri 19 Jan 2018 16:05:18 INFO guoshui.py 239 4088 未传代理参数，启用本机IP
Fri 19 Jan 2018 16:05:20 INFO guoshui.py 265 4088 customerid:1111，获取验证码为：[{"x":271,"y":90},{"x":19,"y":53},{"x":221,"y":19}]
Fri 19 Jan 2018 16:05:20 INFO guoshui.py 269 4088 customerid:1111，验证验证码[{"x":271,"y":90},{"x":19,"y":53},{"x":221,"y":19}]
Fri 19 Jan 2018 16:05:20 INFO guoshui.py 277 4088 customerid:1111,成功post数据
Fri 19 Jan 2018 16:05:20 INFO guoshui.py 284 4088 customerid:1111pass
Fri 19 Jan 2018 16:05:20 INFO gscredit.py 77 4088 customerid:1111获取cookies
Fri 19 Jan 2018 16:06:48 INFO guoshui.py 229 2364 customerid:1111,开始尝试登陆
Fri 19 Jan 2018 16:06:48 INFO guoshui.py 239 2364 未传代理参数，启用本机IP
Fri 19 Jan 2018 16:06:50 INFO guoshui.py 265 2364 customerid:1111，获取验证码为：[{"x":169,"y":24},{"x":17,"y":45},{"x":117,"y":28}]
Fri 19 Jan 2018 16:06:50 INFO guoshui.py 269 2364 customerid:1111，验证验证码[{"x":169,"y":24},{"x":17,"y":45},{"x":117,"y":28}]
Fri 19 Jan 2018 16:06:50 INFO guoshui.py 277 2364 customerid:1111,成功post数据
Fri 19 Jan 2018 16:06:50 INFO guoshui.py 284 2364 customerid:1111pass
Fri 19 Jan 2018 16:06:50 INFO gscredit.py 77 2364 customerid:1111获取cookies
Fri 19 Jan 2018 16:07:59 WARNING gscredit.py 152 2364 'NoneType' object has no attribute 'json'
Fri 19 Jan 2018 16:08:30 INFO guoshui.py 229 4376 customerid:1111,开始尝试登陆
Fri 19 Jan 2018 16:08:30 INFO guoshui.py 239 4376 未传代理参数，启用本机IP
Fri 19 Jan 2018 16:08:31 INFO guoshui.py 265 4376 customerid:1111，获取验证码为：None
Fri 19 Jan 2018 16:08:31 INFO guoshui.py 229 4376 customerid:1111,开始尝试登陆
Fri 19 Jan 2018 16:08:31 INFO guoshui.py 239 4376 未传代理参数，启用本机IP
Fri 19 Jan 2018 16:08:33 INFO guoshui.py 265 4376 customerid:1111，获取验证码为：[{"x":67,"y":41},{"x":168,"y":65},{"x":272,"y":46}]
Fri 19 Jan 2018 16:08:33 INFO guoshui.py 269 4376 customerid:1111，验证验证码[{"x":67,"y":41},{"x":168,"y":65},{"x":272,"y":46}]
Fri 19 Jan 2018 16:08:33 INFO guoshui.py 277 4376 customerid:1111,成功post数据
Fri 19 Jan 2018 16:08:33 INFO guoshui.py 284 4376 customerid:1111pass
Fri 19 Jan 2018 16:08:33 INFO gscredit.py 77 4376 customerid:1111获取cookies
Fri 19 Jan 2018 16:09:11 INFO guoshui.py 229 8364 customerid:1111,开始尝试登陆
Fri 19 Jan 2018 16:09:11 INFO guoshui.py 239 8364 未传代理参数，启用本机IP
Fri 19 Jan 2018 16:09:13 INFO guoshui.py 265 8364 customerid:1111，获取验证码为：None
Fri 19 Jan 2018 16:09:13 INFO guoshui.py 229 8364 customerid:1111,开始尝试登陆
Fri 19 Jan 2018 16:09:13 INFO guoshui.py 239 8364 未传代理参数，启用本机IP
Fri 19 Jan 2018 16:09:14 INFO guoshui.py 265 8364 customerid:1111，获取验证码为：[{"x":174,"y":95},{"x":19,"y":65},{"x":271,"y":47}]
Fri 19 Jan 2018 16:09:14 INFO guoshui.py 269 8364 customerid:1111，验证验证码[{"x":174,"y":95},{"x":19,"y":65},{"x":271,"y":47}]
Fri 19 Jan 2018 16:09:14 INFO guoshui.py 277 8364 customerid:1111,成功post数据
Fri 19 Jan 2018 16:09:14 INFO guoshui.py 284 8364 customerid:1111pass
Fri 19 Jan 2018 16:09:14 INFO gscredit.py 77 8364 customerid:1111获取cookies
Fri 19 Jan 2018 16:12:53 INFO guoshui.py 229 10604 customerid:1111,开始尝试登陆
Fri 19 Jan 2018 16:12:53 INFO guoshui.py 239 10604 未传代理参数，启用本机IP
Fri 19 Jan 2018 16:12:55 INFO guoshui.py 265 10604 customerid:1111，获取验证码为：None
Fri 19 Jan 2018 16:12:55 INFO guoshui.py 229 10604 customerid:1111,开始尝试登陆
Fri 19 Jan 2018 16:12:55 INFO guoshui.py 239 10604 未传代理参数，启用本机IP
Fri 19 Jan 2018 16:12:56 INFO guoshui.py 265 10604 customerid:1111，获取验证码为：None
Fri 19 Jan 2018 16:12:56 INFO guoshui.py 229 10604 customerid:1111,开始尝试登陆
Fri 19 Jan 2018 16:12:56 INFO guoshui.py 239 10604 未传代理参数，启用本机IP
Fri 19 Jan 2018 16:12:58 INFO guoshui.py 265 10604 customerid:1111，获取验证码为：None
Fri 19 Jan 2018 16:12:58 INFO guoshui.py 229 10604 customerid:1111,开始尝试登陆
Fri 19 Jan 2018 16:12:58 INFO guoshui.py 239 10604 未传代理参数，启用本机IP
Fri 19 Jan 2018 16:12:59 INFO guoshui.py 265 10604 customerid:1111，获取验证码为：[{"x":18,"y":23},{"x":266,"y":91},{"x":221,"y":97}]
Fri 19 Jan 2018 16:13:00 INFO guoshui.py 269 10604 customerid:1111，验证验证码[{"x":18,"y":23},{"x":266,"y":91},{"x":221,"y":97}]
Fri 19 Jan 2018 16:13:00 INFO guoshui.py 277 10604 customerid:1111,成功post数据
Fri 19 Jan 2018 16:13:00 INFO guoshui.py 284 10604 customerid:1111pass
Fri 19 Jan 2018 16:13:00 INFO gscredit.py 77 10604 customerid:1111获取cookies
Fri 19 Jan 2018 16:18:07 INFO guoshui.py 229 12668 customerid:1111,开始尝试登陆
Fri 19 Jan 2018 16:18:07 INFO guoshui.py 239 12668 未传代理参数，启用本机IP
Fri 19 Jan 2018 16:18:08 INFO guoshui.py 265 12668 customerid:1111，获取验证码为：[{"x":119,"y":88},{"x":21,"y":47},{"x":68,"y":90}]
Fri 19 Jan 2018 16:18:08 INFO guoshui.py 269 12668 customerid:1111，验证验证码[{"x":119,"y":88},{"x":21,"y":47},{"x":68,"y":90}]
Fri 19 Jan 2018 16:18:09 INFO guoshui.py 277 12668 customerid:1111,成功post数据
Fri 19 Jan 2018 16:18:09 INFO guoshui.py 284 12668 customerid:1111pass
Fri 19 Jan 2018 16:18:09 INFO gscredit.py 77 12668 customerid:1111获取cookies
Fri 19 Jan 2018 16:20:26 INFO guoshui.py 229 6096 customerid:1111,开始尝试登陆
Fri 19 Jan 2018 16:20:26 INFO guoshui.py 239 6096 未传代理参数，启用本机IP
Fri 19 Jan 2018 16:20:28 INFO guoshui.py 265 6096 customerid:1111，获取验证码为：[{"x":271,"y":21},{"x":125,"y":49},{"x":67,"y":50}]
Fri 19 Jan 2018 16:20:28 INFO guoshui.py 269 6096 customerid:1111，验证验证码[{"x":271,"y":21},{"x":125,"y":49},{"x":67,"y":50}]
Fri 19 Jan 2018 16:20:28 INFO guoshui.py 277 6096 customerid:1111,成功post数据
Fri 19 Jan 2018 16:20:28 INFO guoshui.py 284 6096 customerid:1111pass
Fri 19 Jan 2018 16:20:28 INFO gscredit.py 77 6096 customerid:1111获取cookies
Fri 19 Jan 2018 16:25:25 INFO guoshui.py 229 13320 customerid:1111,开始尝试登陆
Fri 19 Jan 2018 16:25:25 INFO guoshui.py 239 13320 未传代理参数，启用本机IP
Fri 19 Jan 2018 16:25:27 INFO guoshui.py 265 13320 customerid:1111，获取验证码为：[{"x":66,"y":27},{"x":267,"y":105},{"x":220,"y":56}]
Fri 19 Jan 2018 16:25:27 INFO guoshui.py 269 13320 customerid:1111，验证验证码[{"x":66,"y":27},{"x":267,"y":105},{"x":220,"y":56}]
Fri 19 Jan 2018 16:25:27 INFO guoshui.py 277 13320 customerid:1111,成功post数据
Fri 19 Jan 2018 16:25:27 INFO guoshui.py 284 13320 customerid:1111pass
Fri 19 Jan 2018 16:25:27 INFO gscredit.py 78 13320 customerid:1111获取cookies
Fri 19 Jan 2018 16:26:07 WARNING gscredit.py 153 13320 'str' object has no attribute 'json'
Fri 19 Jan 2018 16:27:09 INFO guoshui.py 229 11980 customerid:1111,开始尝试登陆
Fri 19 Jan 2018 16:27:09 INFO guoshui.py 239 11980 未传代理参数，启用本机IP
Fri 19 Jan 2018 16:27:11 INFO guoshui.py 265 11980 customerid:1111，获取验证码为：[{"x":266,"y":55},{"x":19,"y":74},{"x":67,"y":44}]
Fri 19 Jan 2018 16:27:11 INFO guoshui.py 269 11980 customerid:1111，验证验证码[{"x":266,"y":55},{"x":19,"y":74},{"x":67,"y":44}]
Fri 19 Jan 2018 16:27:11 INFO guoshui.py 277 11980 customerid:1111,成功post数据
Fri 19 Jan 2018 16:27:11 INFO guoshui.py 284 11980 customerid:1111pass
Fri 19 Jan 2018 16:27:11 INFO gscredit.py 77 11980 customerid:1111获取cookies
Fri 19 Jan 2018 16:28:44 WARNING gscredit.py 152 11980 Expecting value: line 1 column 1 (char 0)
Fri 19 Jan 2018 16:29:14 INFO guoshui.py 229 17020 customerid:1111,开始尝试登陆
Fri 19 Jan 2018 16:29:14 INFO guoshui.py 239 17020 未传代理参数，启用本机IP
Fri 19 Jan 2018 16:29:16 INFO guoshui.py 265 17020 customerid:1111，获取验证码为：None
Fri 19 Jan 2018 16:29:16 INFO guoshui.py 229 17020 customerid:1111,开始尝试登陆
Fri 19 Jan 2018 16:29:16 INFO guoshui.py 239 17020 未传代理参数，启用本机IP
Fri 19 Jan 2018 16:29:17 INFO guoshui.py 265 17020 customerid:1111，获取验证码为：None
Fri 19 Jan 2018 16:29:17 INFO guoshui.py 229 17020 customerid:1111,开始尝试登陆
Fri 19 Jan 2018 16:29:17 INFO guoshui.py 239 17020 未传代理参数，启用本机IP
Fri 19 Jan 2018 16:29:19 INFO guoshui.py 265 17020 customerid:1111，获取验证码为：[{"x":73,"y":72},{"x":267,"y":85},{"x":124,"y":47}]
Fri 19 Jan 2018 16:29:19 INFO guoshui.py 269 17020 customerid:1111，验证验证码[{"x":73,"y":72},{"x":267,"y":85},{"x":124,"y":47}]
Fri 19 Jan 2018 16:29:19 INFO guoshui.py 277 17020 customerid:1111,成功post数据
Fri 19 Jan 2018 16:29:19 INFO guoshui.py 284 17020 customerid:1111pass
Fri 19 Jan 2018 16:29:19 INFO gscredit.py 77 17020 customerid:1111获取cookies
Fri 19 Jan 2018 16:35:24 INFO guoshui.py 229 6644 customerid:1111,开始尝试登陆
Fri 19 Jan 2018 16:35:24 INFO guoshui.py 239 6644 未传代理参数，启用本机IP
Fri 19 Jan 2018 16:35:26 INFO guoshui.py 265 6644 customerid:1111，获取验证码为：None
Fri 19 Jan 2018 16:35:26 INFO guoshui.py 229 6644 customerid:1111,开始尝试登陆
Fri 19 Jan 2018 16:35:26 INFO guoshui.py 239 6644 未传代理参数，启用本机IP
Fri 19 Jan 2018 16:35:27 INFO guoshui.py 265 6644 customerid:1111，获取验证码为：[{"x":220,"y":91},{"x":267,"y":30},{"x":175,"y":42}]
Fri 19 Jan 2018 16:35:27 INFO guoshui.py 269 6644 customerid:1111，验证验证码[{"x":220,"y":91},{"x":267,"y":30},{"x":175,"y":42}]
Fri 19 Jan 2018 16:35:28 INFO guoshui.py 277 6644 customerid:1111,成功post数据
Fri 19 Jan 2018 16:35:28 INFO guoshui.py 284 6644 customerid:1111pass
Fri 19 Jan 2018 16:35:28 INFO gscredit.py 78 6644 customerid:1111获取cookies
Fri 19 Jan 2018 16:35:57 WARNING gscredit.py 153 6644 Message: unknown error: Json is not defined
  (Session info: chrome=63.0.3239.132)
  (Driver info: chromedriver=2.32.498550 (9dec58e66c31bcc53a9ce3c7226f0c1c5810906a),platform=Windows NT 10.0.16299 x86_64)

Fri 19 Jan 2018 16:36:44 INFO guoshui.py 229 11676 customerid:1111,开始尝试登陆
Fri 19 Jan 2018 16:36:44 INFO guoshui.py 239 11676 未传代理参数，启用本机IP
Fri 19 Jan 2018 16:36:45 INFO guoshui.py 265 11676 customerid:1111，获取验证码为：[{"x":163,"y":58},{"x":223,"y":101},{"x":275,"y":86}]
Fri 19 Jan 2018 16:36:45 INFO guoshui.py 269 11676 customerid:1111，验证验证码[{"x":163,"y":58},{"x":223,"y":101},{"x":275,"y":86}]
Fri 19 Jan 2018 16:36:45 INFO guoshui.py 277 11676 customerid:1111,成功post数据
Fri 19 Jan 2018 16:36:45 INFO guoshui.py 284 11676 customerid:1111pass
Fri 19 Jan 2018 16:36:45 INFO gscredit.py 78 11676 customerid:1111获取cookies
Fri 19 Jan 2018 16:37:09 WARNING gscredit.py 153 11676 Message: unknown error: jbxx is not defined
  (Session info: chrome=63.0.3239.132)
  (Driver info: chromedriver=2.32.498550 (9dec58e66c31bcc53a9ce3c7226f0c1c5810906a),platform=Windows NT 10.0.16299 x86_64)

Fri 19 Jan 2018 16:40:55 INFO gscredit.py 42 11880 customerid:1111,开始尝试登陆
Fri 19 Jan 2018 16:40:55 INFO gscredit.py 52 11880 未传代理参数，启用本机IP
Fri 19 Jan 2018 16:40:56 INFO gscredit.py 78 11880 customerid:1111，获取验证码为：[{"x":267,"y":23},{"x":18,"y":31},{"x":223,"y":35}]
Fri 19 Jan 2018 16:40:57 INFO gscredit.py 82 11880 customerid:1111，验证验证码[{"x":267,"y":23},{"x":18,"y":31},{"x":223,"y":35}]
Fri 19 Jan 2018 16:40:57 INFO gscredit.py 90 11880 customerid:1111,成功post数据
Fri 19 Jan 2018 16:40:57 INFO gscredit.py 97 11880 customerid:1111pass
Fri 19 Jan 2018 16:40:57 INFO gscredit.py 214 11880 customerid:1111获取cookies
Fri 19 Jan 2018 16:43:00 INFO gscredit.py 42 15340 customerid:1111,开始尝试登陆
Fri 19 Jan 2018 16:43:00 INFO gscredit.py 52 15340 未传代理参数，启用本机IP
Fri 19 Jan 2018 16:43:02 INFO gscredit.py 78 15340 customerid:1111，获取验证码为：[{"x":217,"y":95},{"x":115,"y":36},{"x":278,"y":93}]
Fri 19 Jan 2018 16:43:02 INFO gscredit.py 82 15340 customerid:1111，验证验证码[{"x":217,"y":95},{"x":115,"y":36},{"x":278,"y":93}]
Fri 19 Jan 2018 16:43:02 INFO gscredit.py 90 15340 customerid:1111,成功post数据
Fri 19 Jan 2018 16:43:02 INFO gscredit.py 97 15340 customerid:1111pass
Fri 19 Jan 2018 16:43:02 INFO gscredit.py 214 15340 customerid:1111获取cookies
Fri 19 Jan 2018 16:47:19 INFO gscredit.py 42 13872 customerid:1111,开始尝试登陆
Fri 19 Jan 2018 16:47:19 INFO gscredit.py 52 13872 未传代理参数，启用本机IP
Fri 19 Jan 2018 16:47:21 INFO gscredit.py 78 13872 customerid:1111，获取验证码为：None
Fri 19 Jan 2018 16:47:21 INFO gscredit.py 42 13872 customerid:1111,开始尝试登陆
Fri 19 Jan 2018 16:47:21 INFO gscredit.py 52 13872 未传代理参数，启用本机IP
Fri 19 Jan 2018 16:47:22 INFO gscredit.py 78 13872 customerid:1111，获取验证码为：None
Fri 19 Jan 2018 16:47:22 INFO gscredit.py 42 13872 customerid:1111,开始尝试登陆
Fri 19 Jan 2018 16:47:22 INFO gscredit.py 52 13872 未传代理参数，启用本机IP
Fri 19 Jan 2018 16:47:23 INFO gscredit.py 78 13872 customerid:1111，获取验证码为：None
Fri 19 Jan 2018 16:47:23 INFO gscredit.py 42 13872 customerid:1111,开始尝试登陆
Fri 19 Jan 2018 16:47:23 INFO gscredit.py 52 13872 未传代理参数，启用本机IP
Fri 19 Jan 2018 16:47:25 INFO gscredit.py 78 13872 customerid:1111，获取验证码为：[{"x":267,"y":95},{"x":70,"y":71},{"x":218,"y":101}]
Fri 19 Jan 2018 16:47:25 INFO gscredit.py 82 13872 customerid:1111，验证验证码[{"x":267,"y":95},{"x":70,"y":71},{"x":218,"y":101}]
Fri 19 Jan 2018 16:47:25 INFO gscredit.py 90 13872 customerid:1111,成功post数据
Fri 19 Jan 2018 16:47:25 INFO gscredit.py 97 13872 customerid:1111pass
Fri 19 Jan 2018 16:47:25 INFO gscredit.py 214 13872 customerid:1111获取cookies
Fri 19 Jan 2018 16:50:25 INFO gscredit.py 42 10148 customerid:1111,开始尝试登陆
Fri 19 Jan 2018 16:50:25 INFO gscredit.py 52 10148 未传代理参数，启用本机IP
Fri 19 Jan 2018 16:50:26 INFO gscredit.py 78 10148 customerid:1111，获取验证码为：[{"x":69,"y":88},{"x":116,"y":62},{"x":218,"y":31}]
Fri 19 Jan 2018 16:50:26 INFO gscredit.py 82 10148 customerid:1111，验证验证码[{"x":69,"y":88},{"x":116,"y":62},{"x":218,"y":31}]
Fri 19 Jan 2018 16:50:26 INFO gscredit.py 90 10148 customerid:1111,成功post数据
Fri 19 Jan 2018 16:50:26 INFO gscredit.py 97 10148 customerid:1111pass
Fri 19 Jan 2018 16:50:26 INFO gscredit.py 215 10148 customerid:1111获取cookies
Fri 19 Jan 2018 16:52:27 WARNING gscredit.py 290 10148 'gscredit' object has no attribute 'batchyear'
Fri 19 Jan 2018 16:52:38 INFO gscredit.py 42 3060 customerid:1111,开始尝试登陆
Fri 19 Jan 2018 16:52:38 INFO gscredit.py 52 3060 未传代理参数，启用本机IP
Fri 19 Jan 2018 16:52:40 INFO gscredit.py 78 3060 customerid:1111，获取验证码为：None
Fri 19 Jan 2018 16:52:40 INFO gscredit.py 42 3060 customerid:1111,开始尝试登陆
Fri 19 Jan 2018 16:52:40 INFO gscredit.py 52 3060 未传代理参数，启用本机IP
Fri 19 Jan 2018 16:52:41 INFO gscredit.py 78 3060 customerid:1111，获取验证码为：None
Fri 19 Jan 2018 16:52:41 INFO gscredit.py 42 3060 customerid:1111,开始尝试登陆
Fri 19 Jan 2018 16:52:41 INFO gscredit.py 52 3060 未传代理参数，启用本机IP
Fri 19 Jan 2018 16:52:42 INFO gscredit.py 78 3060 customerid:1111，获取验证码为：None
Fri 19 Jan 2018 16:52:42 INFO gscredit.py 42 3060 customerid:1111,开始尝试登陆
Fri 19 Jan 2018 16:52:42 INFO gscredit.py 52 3060 未传代理参数，启用本机IP
Fri 19 Jan 2018 16:52:44 INFO gscredit.py 78 3060 customerid:1111，获取验证码为：None
Fri 19 Jan 2018 16:52:44 INFO gscredit.py 42 3060 customerid:1111,开始尝试登陆
Fri 19 Jan 2018 16:52:44 INFO gscredit.py 52 3060 未传代理参数，启用本机IP
Fri 19 Jan 2018 16:52:45 INFO gscredit.py 78 3060 customerid:1111，获取验证码为：[{"x":23,"y":52},{"x":216,"y":74},{"x":269,"y":103}]
Fri 19 Jan 2018 16:52:45 INFO gscredit.py 82 3060 customerid:1111，验证验证码[{"x":23,"y":52},{"x":216,"y":74},{"x":269,"y":103}]
Fri 19 Jan 2018 16:52:46 INFO gscredit.py 90 3060 customerid:1111,成功post数据
Fri 19 Jan 2018 16:52:46 INFO gscredit.py 97 3060 customerid:1111pass
Fri 19 Jan 2018 16:52:46 INFO gscredit.py 215 3060 customerid:1111获取cookies
Fri 19 Jan 2018 16:53:20 WARNING gscredit.py 290 3060 'gscredit' object has no attribute 'batchyear'
Fri 19 Jan 2018 16:55:41 INFO gscredit.py 42 8936 customerid:1111,开始尝试登陆
Fri 19 Jan 2018 16:55:41 INFO gscredit.py 52 8936 未传代理参数，启用本机IP
Fri 19 Jan 2018 16:55:42 INFO gscredit.py 78 8936 customerid:1111，获取验证码为：None
Fri 19 Jan 2018 16:55:42 INFO gscredit.py 42 8936 customerid:1111,开始尝试登陆
Fri 19 Jan 2018 16:55:42 INFO gscredit.py 52 8936 未传代理参数，启用本机IP
Fri 19 Jan 2018 16:55:44 INFO gscredit.py 78 8936 customerid:1111，获取验证码为：[{"x":18,"y":80},{"x":170,"y":73},{"x":272,"y":75}]
Fri 19 Jan 2018 16:55:44 INFO gscredit.py 82 8936 customerid:1111，验证验证码[{"x":18,"y":80},{"x":170,"y":73},{"x":272,"y":75}]
Fri 19 Jan 2018 16:55:44 INFO gscredit.py 90 8936 customerid:1111,成功post数据
Fri 19 Jan 2018 16:55:44 INFO gscredit.py 97 8936 customerid:1111pass
Fri 19 Jan 2018 16:55:44 INFO gscredit.py 215 8936 customerid:1111获取cookies
Fri 19 Jan 2018 17:10:57 WARNING gscredit.py 290 8936 (229, b"The EXECUTE permission was denied on the object 'Python_Serivce_GSTaxInfo_Add', database 'ACT18282900', schema 'dbo'.DB-Lib error message 20018, severity 14:\nGeneral SQL Server error: Check messages from the SQL Server\n")
Fri 19 Jan 2018 17:13:41 INFO gscredit.py 42 460 customerid:1111,开始尝试登陆
Fri 19 Jan 2018 17:13:41 INFO gscredit.py 52 460 未传代理参数，启用本机IP
Fri 19 Jan 2018 17:13:43 INFO gscredit.py 78 460 customerid:1111，获取验证码为：None
Fri 19 Jan 2018 17:13:43 INFO gscredit.py 42 460 customerid:1111,开始尝试登陆
Fri 19 Jan 2018 17:13:43 INFO gscredit.py 52 460 未传代理参数，启用本机IP
Fri 19 Jan 2018 17:13:44 INFO gscredit.py 78 460 customerid:1111，获取验证码为：[{"x":77,"y":37},{"x":119,"y":26},{"x":272,"y":96}]
Fri 19 Jan 2018 17:13:44 INFO gscredit.py 82 460 customerid:1111，验证验证码[{"x":77,"y":37},{"x":119,"y":26},{"x":272,"y":96}]
Fri 19 Jan 2018 17:13:45 INFO gscredit.py 90 460 customerid:1111,成功post数据
Fri 19 Jan 2018 17:13:45 INFO gscredit.py 97 460 customerid:1111pass
Fri 19 Jan 2018 17:13:45 INFO gscredit.py 215 460 customerid:1111获取cookies
Fri 19 Jan 2018 17:14:12 INFO gscredit.py 287 460 customerid:1111全部爬取完成
Fri 19 Jan 2018 17:19:16 INFO gscredit.py 42 3628 customerid:1111,开始尝试登陆
Fri 19 Jan 2018 17:19:16 INFO gscredit.py 52 3628 未传代理参数，启用本机IP
Fri 19 Jan 2018 17:19:18 INFO gscredit.py 78 3628 customerid:1111，获取验证码为：[{"x":168,"y":87},{"x":25,"y":64},{"x":271,"y":59}]
Fri 19 Jan 2018 17:19:18 INFO gscredit.py 82 3628 customerid:1111，验证验证码[{"x":168,"y":87},{"x":25,"y":64},{"x":271,"y":59}]
Fri 19 Jan 2018 17:19:18 INFO gscredit.py 90 3628 customerid:1111,成功post数据
Fri 19 Jan 2018 17:19:18 INFO gscredit.py 97 3628 customerid:1111pass
Fri 19 Jan 2018 17:19:18 INFO gscredit.py 215 3628 customerid:1111获取cookies
Fri 19 Jan 2018 17:45:54 INFO gscredit.py 43 12480 customerid:1111,开始尝试登陆
Fri 19 Jan 2018 17:45:54 INFO gscredit.py 53 12480 未传代理参数，启用本机IP
Fri 19 Jan 2018 17:45:55 INFO gscredit.py 79 12480 customerid:1111，获取验证码为：None
Fri 19 Jan 2018 17:45:55 INFO gscredit.py 43 12480 customerid:1111,开始尝试登陆
Fri 19 Jan 2018 17:45:55 INFO gscredit.py 53 12480 未传代理参数，启用本机IP
Fri 19 Jan 2018 17:45:57 INFO gscredit.py 79 12480 customerid:1111，获取验证码为：None
Fri 19 Jan 2018 17:45:57 INFO gscredit.py 43 12480 customerid:1111,开始尝试登陆
Fri 19 Jan 2018 17:45:57 INFO gscredit.py 53 12480 未传代理参数，启用本机IP
Fri 19 Jan 2018 17:45:58 INFO gscredit.py 79 12480 customerid:1111，获取验证码为：None
Fri 19 Jan 2018 17:45:58 INFO gscredit.py 43 12480 customerid:1111,开始尝试登陆
Fri 19 Jan 2018 17:45:58 INFO gscredit.py 53 12480 未传代理参数，启用本机IP
Fri 19 Jan 2018 17:45:59 INFO gscredit.py 79 12480 customerid:1111，获取验证码为：[{"x":20,"y":104},{"x":67,"y":38},{"x":121,"y":81}]
Fri 19 Jan 2018 17:45:59 INFO gscredit.py 83 12480 customerid:1111，验证验证码[{"x":20,"y":104},{"x":67,"y":38},{"x":121,"y":81}]
Fri 19 Jan 2018 17:46:00 INFO gscredit.py 91 12480 customerid:1111,成功post数据
Fri 19 Jan 2018 17:46:00 INFO gscredit.py 98 12480 customerid:1111pass
Fri 19 Jan 2018 17:46:00 INFO gscredit.py 220 12480 customerid:1111获取cookies
Fri 19 Jan 2018 17:46:14 WARNING gscredit.py 295 12480 list indices must be integers or slices, not str
Fri 19 Jan 2018 17:49:07 INFO gscredit.py 43 14184 customerid:1111,开始尝试登陆
Fri 19 Jan 2018 17:49:07 INFO gscredit.py 53 14184 未传代理参数，启用本机IP
Fri 19 Jan 2018 17:49:09 INFO gscredit.py 79 14184 customerid:1111，获取验证码为：[{"x":72,"y":85},{"x":119,"y":72},{"x":167,"y":31}]
Fri 19 Jan 2018 17:49:09 INFO gscredit.py 83 14184 customerid:1111，验证验证码[{"x":72,"y":85},{"x":119,"y":72},{"x":167,"y":31}]
Fri 19 Jan 2018 17:49:09 INFO gscredit.py 91 14184 customerid:1111,成功post数据
Fri 19 Jan 2018 17:49:09 INFO gscredit.py 98 14184 customerid:1111pass
Fri 19 Jan 2018 17:49:09 INFO gscredit.py 220 14184 customerid:1111获取cookies
Fri 19 Jan 2018 17:49:23 WARNING gscredit.py 295 14184 list indices must be integers or slices, not str
Fri 19 Jan 2018 17:50:32 INFO gscredit.py 43 12012 customerid:1111,开始尝试登陆
Fri 19 Jan 2018 17:50:32 INFO gscredit.py 53 12012 未传代理参数，启用本机IP
Fri 19 Jan 2018 17:50:33 INFO gscredit.py 79 12012 customerid:1111，获取验证码为：[{"x":17,"y":82},{"x":269,"y":100},{"x":119,"y":38}]
Fri 19 Jan 2018 17:50:33 INFO gscredit.py 83 12012 customerid:1111，验证验证码[{"x":17,"y":82},{"x":269,"y":100},{"x":119,"y":38}]
Fri 19 Jan 2018 17:50:34 INFO gscredit.py 91 12012 customerid:1111,成功post数据
Fri 19 Jan 2018 17:50:34 INFO gscredit.py 98 12012 customerid:1111pass
Fri 19 Jan 2018 17:50:34 INFO gscredit.py 220 12012 customerid:1111获取cookies
Fri 19 Jan 2018 17:52:20 INFO gscredit.py 43 4712 customerid:1111,开始尝试登陆
Fri 19 Jan 2018 17:52:20 INFO gscredit.py 53 4712 未传代理参数，启用本机IP
Fri 19 Jan 2018 17:52:21 INFO gscredit.py 79 4712 customerid:1111，获取验证码为：[{"x":121,"y":41},{"x":268,"y":23},{"x":219,"y":34}]
Fri 19 Jan 2018 17:52:21 INFO gscredit.py 83 4712 customerid:1111，验证验证码[{"x":121,"y":41},{"x":268,"y":23},{"x":219,"y":34}]
Fri 19 Jan 2018 17:52:21 INFO gscredit.py 91 4712 customerid:1111,成功post数据
Fri 19 Jan 2018 17:52:21 INFO gscredit.py 98 4712 customerid:1111pass
Fri 19 Jan 2018 17:52:21 INFO gscredit.py 220 4712 customerid:1111获取cookies
Fri 19 Jan 2018 17:53:19 WARNING gscredit.py 295 4712 list indices must be integers or slices, not str
Fri 19 Jan 2018 17:53:46 INFO gscredit.py 43 5440 customerid:1111,开始尝试登陆
Fri 19 Jan 2018 17:53:46 INFO gscredit.py 53 5440 未传代理参数，启用本机IP
Fri 19 Jan 2018 17:53:48 INFO gscredit.py 79 5440 customerid:1111，获取验证码为：None
Fri 19 Jan 2018 17:53:48 INFO gscredit.py 43 5440 customerid:1111,开始尝试登陆
Fri 19 Jan 2018 17:53:48 INFO gscredit.py 53 5440 未传代理参数，启用本机IP
Fri 19 Jan 2018 17:53:49 INFO gscredit.py 79 5440 customerid:1111，获取验证码为：None
Fri 19 Jan 2018 17:53:49 INFO gscredit.py 43 5440 customerid:1111,开始尝试登陆
Fri 19 Jan 2018 17:53:49 INFO gscredit.py 53 5440 未传代理参数，启用本机IP
Fri 19 Jan 2018 17:53:51 INFO gscredit.py 79 5440 customerid:1111，获取验证码为：[{"x":270,"y":104},{"x":171,"y":87},{"x":219,"y":49}]
Fri 19 Jan 2018 17:53:51 INFO gscredit.py 83 5440 customerid:1111，验证验证码[{"x":270,"y":104},{"x":171,"y":87},{"x":219,"y":49}]
Fri 19 Jan 2018 17:53:51 INFO gscredit.py 91 5440 customerid:1111,成功post数据
Fri 19 Jan 2018 17:53:51 INFO gscredit.py 98 5440 customerid:1111pass
Fri 19 Jan 2018 17:53:51 INFO gscredit.py 220 5440 customerid:1111获取cookies
Fri 19 Jan 2018 17:56:27 INFO gscredit.py 43 932 customerid:1111,开始尝试登陆
Fri 19 Jan 2018 17:56:27 INFO gscredit.py 53 932 未传代理参数，启用本机IP
Fri 19 Jan 2018 17:56:29 INFO gscredit.py 79 932 customerid:1111，获取验证码为：[{"x":269,"y":26},{"x":172,"y":101},{"x":223,"y":41}]
Fri 19 Jan 2018 17:56:29 INFO gscredit.py 83 932 customerid:1111，验证验证码[{"x":269,"y":26},{"x":172,"y":101},{"x":223,"y":41}]
Fri 19 Jan 2018 17:56:29 INFO gscredit.py 91 932 customerid:1111,成功post数据
Fri 19 Jan 2018 17:56:29 INFO gscredit.py 98 932 customerid:1111pass
Fri 19 Jan 2018 17:56:29 INFO gscredit.py 221 932 customerid:1111获取cookies
Fri 19 Jan 2018 17:57:18 INFO gscredit.py 43 11964 customerid:1111,开始尝试登陆
Fri 19 Jan 2018 17:57:18 INFO gscredit.py 53 11964 未传代理参数，启用本机IP
Fri 19 Jan 2018 17:57:19 INFO gscredit.py 79 11964 customerid:1111，获取验证码为：[{"x":19,"y":76},{"x":117,"y":39},{"x":172,"y":100}]
Fri 19 Jan 2018 17:57:20 INFO gscredit.py 83 11964 customerid:1111，验证验证码[{"x":19,"y":76},{"x":117,"y":39},{"x":172,"y":100}]
Fri 19 Jan 2018 17:57:20 INFO gscredit.py 91 11964 customerid:1111,成功post数据
Fri 19 Jan 2018 17:57:20 INFO gscredit.py 98 11964 customerid:1111pass
Fri 19 Jan 2018 17:57:20 INFO gscredit.py 221 11964 customerid:1111获取cookies
Fri 19 Jan 2018 17:57:34 WARNING gscredit.py 296 11964 string indices must be integers
Fri 19 Jan 2018 17:58:56 INFO gscredit.py 43 8968 customerid:1111,开始尝试登陆
Fri 19 Jan 2018 17:58:56 INFO gscredit.py 53 8968 未传代理参数，启用本机IP
Fri 19 Jan 2018 17:58:58 INFO gscredit.py 79 8968 customerid:1111，获取验证码为：None
Fri 19 Jan 2018 17:58:58 INFO gscredit.py 43 8968 customerid:1111,开始尝试登陆
Fri 19 Jan 2018 17:58:58 INFO gscredit.py 53 8968 未传代理参数，启用本机IP
Fri 19 Jan 2018 17:58:59 INFO gscredit.py 79 8968 customerid:1111，获取验证码为：[{"x":175,"y":46},{"x":271,"y":27},{"x":120,"y":29}]
Fri 19 Jan 2018 17:58:59 INFO gscredit.py 83 8968 customerid:1111，验证验证码[{"x":175,"y":46},{"x":271,"y":27},{"x":120,"y":29}]
Fri 19 Jan 2018 17:58:59 INFO gscredit.py 91 8968 customerid:1111,成功post数据
Fri 19 Jan 2018 17:58:59 INFO gscredit.py 98 8968 customerid:1111pass
Fri 19 Jan 2018 17:58:59 INFO gscredit.py 221 8968 customerid:1111获取cookies
Fri 19 Jan 2018 18:00:02 INFO gscredit.py 43 6172 customerid:1111,开始尝试登陆
Fri 19 Jan 2018 18:00:02 INFO gscredit.py 53 6172 未传代理参数，启用本机IP
Fri 19 Jan 2018 18:00:04 INFO gscredit.py 79 6172 customerid:1111，获取验证码为：[{"x":216,"y":28},{"x":172,"y":79},{"x":268,"y":80}]
Fri 19 Jan 2018 18:00:04 INFO gscredit.py 83 6172 customerid:1111，验证验证码[{"x":216,"y":28},{"x":172,"y":79},{"x":268,"y":80}]
Fri 19 Jan 2018 18:00:04 INFO gscredit.py 91 6172 customerid:1111,成功post数据
Fri 19 Jan 2018 18:00:04 INFO gscredit.py 98 6172 customerid:1111pass
Fri 19 Jan 2018 18:00:04 INFO gscredit.py 221 6172 customerid:1111获取cookies
Fri 19 Jan 2018 18:00:18 INFO gscredit.py 293 6172 customerid:1111全部爬取完成
Fri 19 Jan 2018 18:01:17 INFO gscredit.py 43 4420 customerid:1111,开始尝试登陆
Fri 19 Jan 2018 18:01:17 INFO gscredit.py 53 4420 未传代理参数，启用本机IP
Fri 19 Jan 2018 18:01:18 INFO gscredit.py 79 4420 customerid:1111，获取验证码为：None
Fri 19 Jan 2018 18:01:18 INFO gscredit.py 43 4420 customerid:1111,开始尝试登陆
Fri 19 Jan 2018 18:01:18 INFO gscredit.py 53 4420 未传代理参数，启用本机IP
Fri 19 Jan 2018 18:01:20 INFO gscredit.py 79 4420 customerid:1111，获取验证码为：None
Fri 19 Jan 2018 18:01:20 INFO gscredit.py 43 4420 customerid:1111,开始尝试登陆
Fri 19 Jan 2018 18:01:20 INFO gscredit.py 53 4420 未传代理参数，启用本机IP
Fri 19 Jan 2018 18:01:21 INFO gscredit.py 79 4420 customerid:1111，获取验证码为：[{"x":119,"y":103},{"x":19,"y":39},{"x":216,"y":76}]
Fri 19 Jan 2018 18:01:21 INFO gscredit.py 83 4420 customerid:1111，验证验证码[{"x":119,"y":103},{"x":19,"y":39},{"x":216,"y":76}]
Fri 19 Jan 2018 18:01:21 INFO gscredit.py 91 4420 customerid:1111,成功post数据
Fri 19 Jan 2018 18:01:21 INFO gscredit.py 98 4420 customerid:1111pass
Fri 19 Jan 2018 18:01:21 INFO gscredit.py 221 4420 customerid:1111获取cookies
Fri 19 Jan 2018 18:01:36 INFO gscredit.py 293 4420 customerid:1111全部爬取完成
Fri 19 Jan 2018 18:01:39 INFO gscredit.py 341 4420 未传代理参数，启用本机IP
Fri 19 Jan 2018 18:01:42 INFO gscredit.py 647 4420 {'登记备案信息': {'注册资金': '(人民币)5.5000万元', '核准日期': '2013-12-30', '营业场所': '深圳市宝安区沙井街道益华电子市场D1043号', '年报情况': ' ', '从业人数': '1', '经营面积': '30.0000平方米', '年检情况': ' ', '企业登记状态': '登记成立', '统一社会信用代码': '92440300MA5JUQQR4Q', '经营者': '郑爱华', '注册号': '440306811628130', '名称': '深圳市宝安区沙井华丰电子商行', '组成形式': '个体（个人经营）', '成立日期': '2013年12月30日', '经营范围': '电子批发零售。^'}}
