Fri 19 Jan 2018 19:56:08 INFO gscredit.py 47 17116 11924 customerid:9,开始尝试登陆
Fri 19 Jan 2018 19:56:08 INFO gscredit.py 57 17116 11924 未传代理参数，启用本机IP
Fri 19 Jan 2018 19:56:10 INFO gscredit.py 83 17116 11924 customerid:9，获取验证码为：None
Fri 19 Jan 2018 19:56:10 INFO gscredit.py 47 17116 11924 customerid:9,开始尝试登陆
Fri 19 Jan 2018 19:56:10 INFO gscredit.py 57 17116 11924 未传代理参数，启用本机IP
Fri 19 Jan 2018 19:56:11 INFO gscredit.py 83 17116 11924 customerid:9，获取验证码为：None
Fri 19 Jan 2018 19:56:11 INFO gscredit.py 47 17116 11924 customerid:9,开始尝试登陆
Fri 19 Jan 2018 19:56:11 INFO gscredit.py 57 17116 11924 未传代理参数，启用本机IP
Fri 19 Jan 2018 19:56:13 INFO gscredit.py 83 17116 11924 customerid:9，获取验证码为：[{"x":72,"y":50},{"x":23,"y":69},{"x":122,"y":23}]
Fri 19 Jan 2018 19:56:13 INFO gscredit.py 87 17116 11924 customerid:9，验证验证码[{"x":72,"y":50},{"x":23,"y":69},{"x":122,"y":23}]
Fri 19 Jan 2018 19:56:13 INFO gscredit.py 95 17116 11924 customerid:9,成功post数据
Fri 19 Jan 2018 19:56:13 INFO gscredit.py 102 17116 11924 customerid:9pass
Fri 19 Jan 2018 19:56:13 INFO gscredit.py 225 17116 11924 customerid:9获取cookies
Fri 19 Jan 2018 19:56:26 INFO gscredit.py 297 17116 11924 customerid:9全部爬取完成
Fri 19 Jan 2018 19:56:26 INFO gscredit.py 345 17116 11924 未传代理参数，启用本机IP
Fri 19 Jan 2018 19:56:29 INFO gscredit.py 651 17116 11924 {'电子商务认证企业网站信息': {'网站地址': 'shop1413652866918.1688.com', '网站名称': '深圳市君达通电子有限公司', '网站类型名称': '网店网铺', '网站简介': ' ', '网站LOGO链接地址': ' ', '网站ICP备案号': ' '}, '税务登记信息(地税)': {'纳税人状态': '正常', '纳税人识别号': '44030008389925X'}, '股东登记信息': {'股东名称': {'龙天君': {'出资额': '50.0000', '出资比例': '100.0000%'}}}, '企业参保信息': {'养老参保人数': '0人', '投保起始月': '5', '工伤参保人数': '0人', '失业参保人数': '0人', '投保起始年': '2014', '医疗参保人数': '0人', '社保单位编号': '402611', '当前状态': '正常', '参保总人数': ' '}, '电子商务认证企业信息': {'企业证书编号': 'CE1412191419171793', '企业证书链接地址': 'http://szcert.ebs.org.cn/440301001012013111901793', '认证时间': '2014-12-19'}, '机构代码信息': {'机构代码': '08389925X'}, '税务登记信息(国税)': {'纳税人状态': '正常', '纳税人识别号': '44030008389925X'}, '企业变更信息': {'2': {'变更事项': '董事成员、法定代表人（负责人）', '变更日期': '2016年07月12日'}, '1': {'变更事项': '董事成员、法定代表人（负责人）', '变更日期': '2016年07月12日'}}, '登记备案信息': {'企业名称': '深圳市君达通电子有限公司', '企业类型': '有限责任公司（自然人独资）', '年检情况': ' ', '统一社会信用代码': '9144030008389925X7', '认缴注册资本总额': '(人民币)50.0000万元', '住所': '深圳市宝安区西乡街道固戍航城大道伟业创新工业园G栋西7楼', '企业登记状态': '登记成立', '法定代表人': '龙天君', '核准日期': '2017-05-11', '年报情况': '2016年度报告', '经营范围': '仪器仪表的研发与销售；国内贸易；货物及技术进出口。（法律、行政法规、国务院决定规定在登记前须经批准的项目除外）^', '成立日期': '2013年11月19日', '营业期限': '永久经营', '注册号': '440306108347120'}, '企业年报信息': {'网站地址': 'shop1413652866918.1688.com', '网站名称': '深圳市君达通电子有限公司', '网站类型名称': '网店网铺', '网站简介': ' ', '网站LOGO链接地址': ' ', '网站ICP备案号': ' '}}
Fri 19 Jan 2018 19:56:30 INFO gscredit.py 673 17116 11924 深圳企业信用网信息抓取完成
Fri 19 Jan 2018 20:13:22 INFO gscredit.py 45 11728 14644 customerid:9,开始尝试登陆
Fri 19 Jan 2018 20:13:22 INFO gscredit.py 55 11728 14644 未传代理参数，启用本机IP
Fri 19 Jan 2018 20:13:23 INFO gscredit.py 81 11728 14644 customerid:9，获取验证码为：None
Fri 19 Jan 2018 20:13:23 INFO gscredit.py 45 11728 14644 customerid:9,开始尝试登陆
Fri 19 Jan 2018 20:13:23 INFO gscredit.py 55 11728 14644 未传代理参数，启用本机IP
Fri 19 Jan 2018 20:13:25 INFO gscredit.py 81 11728 14644 customerid:9，获取验证码为：None
Fri 19 Jan 2018 20:13:25 INFO gscredit.py 45 11728 14644 customerid:9,开始尝试登陆
Fri 19 Jan 2018 20:13:25 INFO gscredit.py 55 11728 14644 未传代理参数，启用本机IP
Fri 19 Jan 2018 20:13:26 INFO gscredit.py 81 11728 14644 customerid:9，获取验证码为：[{"x":268,"y":86},{"x":69,"y":104},{"x":118,"y":82}]
Fri 19 Jan 2018 20:13:26 INFO gscredit.py 85 11728 14644 customerid:9，验证验证码[{"x":268,"y":86},{"x":69,"y":104},{"x":118,"y":82}]
Fri 19 Jan 2018 20:13:27 INFO gscredit.py 93 11728 14644 customerid:9,成功post数据
Fri 19 Jan 2018 20:13:27 INFO gscredit.py 100 11728 14644 customerid:9pass
Fri 19 Jan 2018 20:13:27 INFO gscredit.py 223 11728 14644 customerid:9获取cookies
Fri 19 Jan 2018 20:13:36 INFO gscredit.py 295 11728 14644 customerid:9全部爬取完成
Fri 19 Jan 2018 20:13:36 INFO gscredit.py 343 11728 14644 未传代理参数，启用本机IP
Fri 19 Jan 2018 20:13:38 INFO gscredit.py 649 11728 14644 {'税务登记信息(地税)': {'纳税人状态': '正常', '纳税人识别号': '44030008389925X'}, '登记备案信息': {'企业名称': '深圳市君达通电子有限公司', '企业类型': '有限责任公司（自然人独资）', '企业登记状态': '登记成立', '经营范围': '仪器仪表的研发与销售；国内贸易；货物及技术进出口。（法律、行政法规、国务院决定规定在登记前须经批准的项目除外）^', '年报情况': '2016年度报告', '认缴注册资本总额': '(人民币)50.0000万元', '成立日期': '2013年11月19日', '法定代表人': '龙天君', '年检情况': ' ', '营业期限': '永久经营', '注册号': '440306108347120', '住所': '深圳市宝安区西乡街道固戍航城大道伟业创新工业园G栋西7楼', '核准日期': '2017-05-11', '统一社会信用代码': '9144030008389925X7'}, '企业变更信息': {'2': {'变更事项': '董事成员、法定代表人（负责人）', '变更日期': '2016年07月12日'}, '1': {'变更事项': '董事成员、法定代表人（负责人）', '变更日期': '2016年07月12日'}}, '电子商务认证企业信息': {'认证时间': '2014-12-19', '企业证书链接地址': 'http://szcert.ebs.org.cn/440301001012013111901793', '企业证书编号': 'CE1412191419171793'}, '机构代码信息': {'机构代码': '08389925X'}, '电子商务认证企业网站信息': {'网站简介': ' ', '网站LOGO链接地址': ' ', '网站地址': 'shop1413652866918.1688.com', '网站ICP备案号': ' ', '网站名称': '深圳市君达通电子有限公司', '网站类型名称': '网店网铺'}, '企业参保信息': {'社保单位编号': '402611', '参保总人数': ' ', '当前状态': '正常', '养老参保人数': '0人', '医疗参保人数': '0人', '投保起始月': '5', '工伤参保人数': '0人', '投保起始年': '2014', '失业参保人数': '0人'}, '股东登记信息': {'股东名称': {'龙天君': {'出资比例': '100.0000%', '出资额': '50.0000'}}}, '税务登记信息(国税)': {'纳税人状态': '正常', '纳税人识别号': '44030008389925X'}, '企业年报信息': {'网站简介': ' ', '网站LOGO链接地址': ' ', '网站地址': 'shop1413652866918.1688.com', '网站ICP备案号': ' ', '网站名称': '深圳市君达通电子有限公司', '网站类型名称': '网店网铺'}}
Fri 19 Jan 2018 20:13:38 INFO gscredit.py 671 11728 14644 深圳企业信用网信息抓取完成
Fri 19 Jan 2018 20:13:43 INFO gscredit.py 45 11728 14644 customerid:9,开始尝试登陆
Fri 19 Jan 2018 20:13:43 INFO gscredit.py 55 11728 14644 未传代理参数，启用本机IP
Fri 19 Jan 2018 20:13:45 INFO gscredit.py 81 11728 14644 customerid:9，获取验证码为：None
Fri 19 Jan 2018 20:13:45 INFO gscredit.py 45 11728 14644 customerid:9,开始尝试登陆
Fri 19 Jan 2018 20:13:45 INFO gscredit.py 55 11728 14644 未传代理参数，启用本机IP
Fri 19 Jan 2018 20:13:46 INFO gscredit.py 81 11728 14644 customerid:9，获取验证码为：[{"x":174,"y":20},{"x":123,"y":54},{"x":272,"y":29}]
Fri 19 Jan 2018 20:13:46 INFO gscredit.py 85 11728 14644 customerid:9，验证验证码[{"x":174,"y":20},{"x":123,"y":54},{"x":272,"y":29}]
Fri 19 Jan 2018 20:13:47 INFO gscredit.py 93 11728 14644 customerid:9,成功post数据
Fri 19 Jan 2018 20:13:47 INFO gscredit.py 100 11728 14644 customerid:9pass
Fri 19 Jan 2018 20:13:47 INFO gscredit.py 223 11728 14644 customerid:9获取cookies
Fri 19 Jan 2018 20:13:57 INFO gscredit.py 295 11728 14644 customerid:9全部爬取完成
Fri 19 Jan 2018 20:13:57 INFO gscredit.py 343 11728 14644 未传代理参数，启用本机IP
Fri 19 Jan 2018 20:13:59 INFO gscredit.py 649 11728 14644 {'税务登记信息(地税)': {'纳税人状态': '正常', '纳税人识别号': '44030008389925X'}, '登记备案信息': {'企业名称': '深圳市君达通电子有限公司', '企业类型': '有限责任公司（自然人独资）', '企业登记状态': '登记成立', '经营范围': '仪器仪表的研发与销售；国内贸易；货物及技术进出口。（法律、行政法规、国务院决定规定在登记前须经批准的项目除外）^', '年报情况': '2016年度报告', '认缴注册资本总额': '(人民币)50.0000万元', '成立日期': '2013年11月19日', '法定代表人': '龙天君', '年检情况': ' ', '营业期限': '永久经营', '注册号': '440306108347120', '住所': '深圳市宝安区西乡街道固戍航城大道伟业创新工业园G栋西7楼', '核准日期': '2017-05-11', '统一社会信用代码': '9144030008389925X7'}, '企业变更信息': {'2': {'变更事项': '董事成员、法定代表人（负责人）', '变更日期': '2016年07月12日'}, '1': {'变更事项': '董事成员、法定代表人（负责人）', '变更日期': '2016年07月12日'}}, '电子商务认证企业信息': {'认证时间': '2014-12-19', '企业证书链接地址': 'http://szcert.ebs.org.cn/440301001012013111901793', '企业证书编号': 'CE1412191419171793'}, '机构代码信息': {'机构代码': '08389925X'}, '电子商务认证企业网站信息': {'网站简介': ' ', '网站LOGO链接地址': ' ', '网站地址': 'shop1413652866918.1688.com', '网站ICP备案号': ' ', '网站名称': '深圳市君达通电子有限公司', '网站类型名称': '网店网铺'}, '企业参保信息': {'社保单位编号': '402611', '参保总人数': ' ', '当前状态': '正常', '养老参保人数': '0人', '医疗参保人数': '0人', '投保起始月': '5', '工伤参保人数': '0人', '投保起始年': '2014', '失业参保人数': '0人'}, '股东登记信息': {'股东名称': {'龙天君': {'出资比例': '100.0000%', '出资额': '50.0000'}}}, '税务登记信息(国税)': {'纳税人状态': '正常', '纳税人识别号': '44030008389925X'}, '企业年报信息': {'网站简介': ' ', '网站LOGO链接地址': ' ', '网站地址': 'shop1413652866918.1688.com', '网站ICP备案号': ' ', '网站名称': '深圳市君达通电子有限公司', '网站类型名称': '网店网铺'}}
Fri 19 Jan 2018 20:13:59 INFO gscredit.py 671 11728 14644 深圳企业信用网信息抓取完成
Fri 19 Jan 2018 20:14:04 INFO gscredit.py 45 11728 14644 customerid:9,开始尝试登陆
Fri 19 Jan 2018 20:14:04 INFO gscredit.py 55 11728 14644 未传代理参数，启用本机IP
Fri 19 Jan 2018 20:14:06 INFO gscredit.py 81 11728 14644 customerid:9，获取验证码为：[{"x":273,"y":38},{"x":68,"y":39},{"x":19,"y":54}]
Fri 19 Jan 2018 20:14:06 INFO gscredit.py 85 11728 14644 customerid:9，验证验证码[{"x":273,"y":38},{"x":68,"y":39},{"x":19,"y":54}]
Fri 19 Jan 2018 20:14:06 INFO gscredit.py 93 11728 14644 customerid:9,成功post数据
Fri 19 Jan 2018 20:14:06 INFO gscredit.py 100 11728 14644 customerid:9pass
Fri 19 Jan 2018 20:14:06 INFO gscredit.py 223 11728 14644 customerid:9获取cookies
Fri 19 Jan 2018 20:14:15 INFO gscredit.py 295 11728 14644 customerid:9全部爬取完成
Fri 19 Jan 2018 20:14:15 INFO gscredit.py 343 11728 14644 未传代理参数，启用本机IP
Fri 19 Jan 2018 20:14:18 INFO gscredit.py 649 11728 14644 {'税务登记信息(地税)': {'纳税人状态': '正常', '纳税人识别号': '44030008389925X'}, '登记备案信息': {'企业名称': '深圳市君达通电子有限公司', '企业类型': '有限责任公司（自然人独资）', '企业登记状态': '登记成立', '经营范围': '仪器仪表的研发与销售；国内贸易；货物及技术进出口。（法律、行政法规、国务院决定规定在登记前须经批准的项目除外）^', '年报情况': '2016年度报告', '认缴注册资本总额': '(人民币)50.0000万元', '成立日期': '2013年11月19日', '法定代表人': '龙天君', '年检情况': ' ', '营业期限': '永久经营', '注册号': '440306108347120', '住所': '深圳市宝安区西乡街道固戍航城大道伟业创新工业园G栋西7楼', '核准日期': '2017-05-11', '统一社会信用代码': '9144030008389925X7'}, '企业变更信息': {'2': {'变更事项': '董事成员、法定代表人（负责人）', '变更日期': '2016年07月12日'}, '1': {'变更事项': '董事成员、法定代表人（负责人）', '变更日期': '2016年07月12日'}}, '电子商务认证企业信息': {'认证时间': '2014-12-19', '企业证书链接地址': 'http://szcert.ebs.org.cn/440301001012013111901793', '企业证书编号': 'CE1412191419171793'}, '机构代码信息': {'机构代码': '08389925X'}, '电子商务认证企业网站信息': {'网站简介': ' ', '网站LOGO链接地址': ' ', '网站地址': 'shop1413652866918.1688.com', '网站ICP备案号': ' ', '网站名称': '深圳市君达通电子有限公司', '网站类型名称': '网店网铺'}, '企业参保信息': {'社保单位编号': '402611', '参保总人数': ' ', '当前状态': '正常', '养老参保人数': '0人', '医疗参保人数': '0人', '投保起始月': '5', '工伤参保人数': '0人', '投保起始年': '2014', '失业参保人数': '0人'}, '股东登记信息': {'股东名称': {'龙天君': {'出资比例': '100.0000%', '出资额': '50.0000'}}}, '税务登记信息(国税)': {'纳税人状态': '正常', '纳税人识别号': '44030008389925X'}, '企业年报信息': {'网站简介': ' ', '网站LOGO链接地址': ' ', '网站地址': 'shop1413652866918.1688.com', '网站ICP备案号': ' ', '网站名称': '深圳市君达通电子有限公司', '网站类型名称': '网店网铺'}}
Fri 19 Jan 2018 20:14:18 INFO gscredit.py 671 11728 14644 深圳企业信用网信息抓取完成
